2021-06-27 03:38:17.055  INFO 13908 --- [restartedMain] com.liupanlong.test2.Test2Application    : Starting Test2Application using Java 1.8.0_201 on LAPTOP-LIUPANLONG with PID 13908 (D:\Dev\projects\test2\target\classes started by liupa in D:\Dev\projects\test2)
2021-06-27 03:38:17.055  INFO 13908 --- [restartedMain] com.liupanlong.test2.Test2Application    : No active profile set, falling back to default profiles: default
2021-06-27 03:38:17.085  INFO 13908 --- [restartedMain] .e.DevToolsPropertyDefaultsPostProcessor : Devtools property defaults active! Set 'spring.devtools.add-properties' to 'false' to disable
2021-06-27 03:38:17.085  INFO 13908 --- [restartedMain] .e.DevToolsPropertyDefaultsPostProcessor : For additional web related logging consider setting the 'logging.level.web' property to 'DEBUG'
2021-06-27 03:38:17.553  INFO 13908 --- [restartedMain] .s.d.r.c.RepositoryConfigurationDelegate : Multiple Spring Data modules found, entering strict repository configuration mode!
2021-06-27 03:38:17.553  INFO 13908 --- [restartedMain] .s.d.r.c.RepositoryConfigurationDelegate : Bootstrapping Spring Data Redis repositories in DEFAULT mode.
2021-06-27 03:38:17.568  INFO 13908 --- [restartedMain] .s.d.r.c.RepositoryConfigurationDelegate : Finished Spring Data repository scanning in 6 ms. Found 0 Redis repository interfaces.
2021-06-27 03:38:17.959  INFO 13908 --- [restartedMain] o.s.b.w.embedded.tomcat.TomcatWebServer  : Tomcat initialized with port(s): 8080 (http)
2021-06-27 03:38:17.975  INFO 13908 --- [restartedMain] o.apache.catalina.core.StandardService   : Starting service [Tomcat]
2021-06-27 03:38:17.975  INFO 13908 --- [restartedMain] org.apache.catalina.core.StandardEngine  : Starting Servlet engine: [Apache Tomcat/9.0.48]
2021-06-27 03:38:18.022  INFO 13908 --- [restartedMain] o.a.c.c.C.[Tomcat].[localhost].[/]       : Initializing Spring embedded WebApplicationContext
2021-06-27 03:38:18.022  INFO 13908 --- [restartedMain] w.s.c.ServletWebServerApplicationContext : Root WebApplicationContext: initialization completed in 937 ms
2021-06-27 03:38:18.949  INFO 13908 --- [restartedMain] o.s.b.d.a.OptionalLiveReloadServer       : LiveReload server is running on port 35729
2021-06-27 03:38:18.981  INFO 13908 --- [restartedMain] o.s.b.w.embedded.tomcat.TomcatWebServer  : Tomcat started on port(s): 8080 (http) with context path ''
2021-06-27 03:38:18.996  INFO 13908 --- [restartedMain] com.liupanlong.test2.Test2Application    : Started Test2Application in 2.27 seconds (JVM running for 3.113)
2021-06-27 03:38:38.918  INFO 13908 --- [http-nio-8080-exec-1] o.a.c.c.C.[Tomcat].[localhost].[/]       : Initializing Spring DispatcherServlet 'dispatcherServlet'
2021-06-27 03:38:38.918  INFO 13908 --- [http-nio-8080-exec-1] o.s.web.servlet.DispatcherServlet        : Initializing Servlet 'dispatcherServlet'
2021-06-27 03:38:38.919  INFO 13908 --- [http-nio-8080-exec-1] o.s.web.servlet.DispatcherServlet        : Completed initialization in 1 ms
2021-06-27 03:59:38.326  INFO 13908 --- [http-nio-8080-exec-5] com.alibaba.druid.pool.DruidDataSource   : {dataSource-1} inited
2021-06-27 04:01:27.921  INFO 19404 --- [restartedMain] com.liupanlong.test2.Test2Application    : Starting Test2Application using Java 1.8.0_201 on LAPTOP-LIUPANLONG with PID 19404 (D:\Dev\projects\test2\target\classes started by liupa in D:\Dev\projects\test2)
2021-06-27 04:01:27.921  INFO 19404 --- [restartedMain] com.liupanlong.test2.Test2Application    : No active profile set, falling back to default profiles: default
2021-06-27 04:01:27.968  INFO 19404 --- [restartedMain] .e.DevToolsPropertyDefaultsPostProcessor : Devtools property defaults active! Set 'spring.devtools.add-properties' to 'false' to disable
2021-06-27 04:01:27.968  INFO 19404 --- [restartedMain] .e.DevToolsPropertyDefaultsPostProcessor : For additional web related logging consider setting the 'logging.level.web' property to 'DEBUG'
2021-06-27 04:01:28.421  INFO 19404 --- [restartedMain] .s.d.r.c.RepositoryConfigurationDelegate : Multiple Spring Data modules found, entering strict repository configuration mode!
2021-06-27 04:01:28.422  INFO 19404 --- [restartedMain] .s.d.r.c.RepositoryConfigurationDelegate : Bootstrapping Spring Data Redis repositories in DEFAULT mode.
2021-06-27 04:01:28.442  INFO 19404 --- [restartedMain] .s.d.r.c.RepositoryConfigurationDelegate : Finished Spring Data repository scanning in 11 ms. Found 0 Redis repository interfaces.
2021-06-27 04:01:28.817  INFO 19404 --- [restartedMain] o.s.b.w.embedded.tomcat.TomcatWebServer  : Tomcat initialized with port(s): 8080 (http)
2021-06-27 04:01:28.817  INFO 19404 --- [restartedMain] o.apache.catalina.core.StandardService   : Starting service [Tomcat]
2021-06-27 04:01:28.817  INFO 19404 --- [restartedMain] org.apache.catalina.core.StandardEngine  : Starting Servlet engine: [Apache Tomcat/9.0.48]
2021-06-27 04:01:28.880  INFO 19404 --- [restartedMain] o.a.c.c.C.[Tomcat].[localhost].[/]       : Initializing Spring embedded WebApplicationContext
2021-06-27 04:01:28.880  INFO 19404 --- [restartedMain] w.s.c.ServletWebServerApplicationContext : Root WebApplicationContext: initialization completed in 912 ms
2021-06-27 04:01:29.822  INFO 19404 --- [restartedMain] o.s.b.d.a.OptionalLiveReloadServer       : LiveReload server is running on port 35729
2021-06-27 04:01:29.853  INFO 19404 --- [restartedMain] o.s.b.w.embedded.tomcat.TomcatWebServer  : Tomcat started on port(s): 8080 (http) with context path ''
2021-06-27 04:01:29.853  INFO 19404 --- [restartedMain] com.liupanlong.test2.Test2Application    : Started Test2Application in 2.256 seconds (JVM running for 3.071)
2021-06-27 04:01:33.511  INFO 19404 --- [http-nio-8080-exec-1] o.a.c.c.C.[Tomcat].[localhost].[/]       : Initializing Spring DispatcherServlet 'dispatcherServlet'
2021-06-27 04:01:33.511  INFO 19404 --- [http-nio-8080-exec-1] o.s.web.servlet.DispatcherServlet        : Initializing Servlet 'dispatcherServlet'
2021-06-27 04:01:33.512  INFO 19404 --- [http-nio-8080-exec-1] o.s.web.servlet.DispatcherServlet        : Completed initialization in 1 ms
2021-06-27 04:01:33.622  INFO 19404 --- [http-nio-8080-exec-1] com.alibaba.druid.pool.DruidDataSource   : {dataSource-1} inited
2021-06-27 04:11:03.081  WARN 19404 --- [http-nio-8080-exec-7] .w.s.m.s.DefaultHandlerExceptionResolver : Resolved [org.springframework.http.converter.HttpMessageNotReadableException: Required request body is missing: public com.liupanlong.test2.pojo.vo.Result com.liupanlong.test2.controller.UserController.login(com.liupanlong.test2.pojo.vo.receiveUser)]
2021-06-27 04:11:43.476  WARN 19404 --- [http-nio-8080-exec-5] .w.s.m.s.DefaultHandlerExceptionResolver : Resolved [org.springframework.http.converter.HttpMessageNotReadableException: Required request body is missing: public com.liupanlong.test2.pojo.vo.Result com.liupanlong.test2.controller.UserController.login(com.liupanlong.test2.pojo.vo.receiveUser)]
2021-06-27 04:12:11.088  WARN 19404 --- [http-nio-8080-exec-4] .w.s.m.s.DefaultHandlerExceptionResolver : Resolved [org.springframework.http.converter.HttpMessageNotReadableException: Required request body is missing: public com.liupanlong.test2.pojo.vo.Result com.liupanlong.test2.controller.UserController.login(com.liupanlong.test2.pojo.vo.receiveUser)]
2021-06-27 04:12:27.597  WARN 19404 --- [http-nio-8080-exec-6] .w.s.m.s.DefaultHandlerExceptionResolver : Resolved [org.springframework.http.converter.HttpMessageNotReadableException: Required request body is missing: public com.liupanlong.test2.pojo.vo.Result com.liupanlong.test2.controller.UserController.login(com.liupanlong.test2.pojo.vo.receiveUser)]
2021-06-27 04:12:30.480  WARN 19404 --- [http-nio-8080-exec-8] .w.s.m.s.DefaultHandlerExceptionResolver : Resolved [org.springframework.http.converter.HttpMessageNotReadableException: Required request body is missing: public com.liupanlong.test2.pojo.vo.Result com.liupanlong.test2.controller.UserController.login(com.liupanlong.test2.pojo.vo.receiveUser)]
2021-06-27 04:19:47.124  WARN 19404 --- [http-nio-8080-exec-9] c.a.druid.pool.DruidAbstractDataSource   : discard long time none received connection. , jdbcUrl : jdbc:mysql://localhost:3306/test_user?useUnicode=true&characterEncoding=utf-8&serverTimezone=GMT, version : 1.2.4, lastPacketReceivedIdleMillis : 1093421
2021-06-27 04:20:45.232  INFO 24172 --- [restartedMain] com.liupanlong.test2.Test2Application    : Starting Test2Application using Java 1.8.0_201 on LAPTOP-LIUPANLONG with PID 24172 (D:\Dev\projects\test2\target\classes started by liupa in D:\Dev\projects\test2)
2021-06-27 04:20:45.232  INFO 24172 --- [restartedMain] com.liupanlong.test2.Test2Application    : No active profile set, falling back to default profiles: default
2021-06-27 04:20:45.282  INFO 24172 --- [restartedMain] .e.DevToolsPropertyDefaultsPostProcessor : Devtools property defaults active! Set 'spring.devtools.add-properties' to 'false' to disable
2021-06-27 04:20:45.282  INFO 24172 --- [restartedMain] .e.DevToolsPropertyDefaultsPostProcessor : For additional web related logging consider setting the 'logging.level.web' property to 'DEBUG'
2021-06-27 04:20:45.721  INFO 24172 --- [restartedMain] .s.d.r.c.RepositoryConfigurationDelegate : Multiple Spring Data modules found, entering strict repository configuration mode!
2021-06-27 04:20:45.721  INFO 24172 --- [restartedMain] .s.d.r.c.RepositoryConfigurationDelegate : Bootstrapping Spring Data Redis repositories in DEFAULT mode.
2021-06-27 04:20:45.737  INFO 24172 --- [restartedMain] .s.d.r.c.RepositoryConfigurationDelegate : Finished Spring Data repository scanning in 7 ms. Found 0 Redis repository interfaces.
2021-06-27 04:20:46.119  INFO 24172 --- [restartedMain] o.s.b.w.embedded.tomcat.TomcatWebServer  : Tomcat initialized with port(s): 8080 (http)
2021-06-27 04:20:46.119  INFO 24172 --- [restartedMain] o.apache.catalina.core.StandardService   : Starting service [Tomcat]
2021-06-27 04:20:46.119  INFO 24172 --- [restartedMain] org.apache.catalina.core.StandardEngine  : Starting Servlet engine: [Apache Tomcat/9.0.48]
2021-06-27 04:20:46.182  INFO 24172 --- [restartedMain] o.a.c.c.C.[Tomcat].[localhost].[/]       : Initializing Spring embedded WebApplicationContext
2021-06-27 04:20:46.182  INFO 24172 --- [restartedMain] w.s.c.ServletWebServerApplicationContext : Root WebApplicationContext: initialization completed in 900 ms
2021-06-27 04:20:47.088  INFO 24172 --- [restartedMain] o.s.b.d.a.OptionalLiveReloadServer       : LiveReload server is running on port 35729
2021-06-27 04:20:47.119  INFO 24172 --- [restartedMain] o.s.b.w.embedded.tomcat.TomcatWebServer  : Tomcat started on port(s): 8080 (http) with context path ''
2021-06-27 04:20:47.119  INFO 24172 --- [restartedMain] com.liupanlong.test2.Test2Application    : Started Test2Application in 2.217 seconds (JVM running for 2.99)
2021-06-27 04:20:56.293  INFO 24172 --- [http-nio-8080-exec-1] o.a.c.c.C.[Tomcat].[localhost].[/]       : Initializing Spring DispatcherServlet 'dispatcherServlet'
2021-06-27 04:20:56.294  INFO 24172 --- [http-nio-8080-exec-1] o.s.web.servlet.DispatcherServlet        : Initializing Servlet 'dispatcherServlet'
2021-06-27 04:20:56.294  INFO 24172 --- [http-nio-8080-exec-1] o.s.web.servlet.DispatcherServlet        : Completed initialization in 0 ms
2021-06-27 04:20:56.390  INFO 24172 --- [http-nio-8080-exec-1] com.alibaba.druid.pool.DruidDataSource   : {dataSource-1} inited
2021-06-27 04:21:34.518  INFO 28400 --- [restartedMain] com.liupanlong.test2.Test2Application    : Starting Test2Application using Java 1.8.0_201 on LAPTOP-LIUPANLONG with PID 28400 (D:\Dev\projects\test2\target\classes started by liupa in D:\Dev\projects\test2)
2021-06-27 04:21:34.518  INFO 28400 --- [restartedMain] com.liupanlong.test2.Test2Application    : No active profile set, falling back to default profiles: default
2021-06-27 04:21:34.549  INFO 28400 --- [restartedMain] .e.DevToolsPropertyDefaultsPostProcessor : Devtools property defaults active! Set 'spring.devtools.add-properties' to 'false' to disable
2021-06-27 04:21:34.549  INFO 28400 --- [restartedMain] .e.DevToolsPropertyDefaultsPostProcessor : For additional web related logging consider setting the 'logging.level.web' property to 'DEBUG'
2021-06-27 04:21:34.987  INFO 28400 --- [restartedMain] .s.d.r.c.RepositoryConfigurationDelegate : Multiple Spring Data modules found, entering strict repository configuration mode!
2021-06-27 04:21:34.987  INFO 28400 --- [restartedMain] .s.d.r.c.RepositoryConfigurationDelegate : Bootstrapping Spring Data Redis repositories in DEFAULT mode.
2021-06-27 04:21:35.002  INFO 28400 --- [restartedMain] .s.d.r.c.RepositoryConfigurationDelegate : Finished Spring Data repository scanning in 6 ms. Found 0 Redis repository interfaces.
2021-06-27 04:21:35.403  INFO 28400 --- [restartedMain] o.s.b.w.embedded.tomcat.TomcatWebServer  : Tomcat initialized with port(s): 8080 (http)
2021-06-27 04:21:35.410  INFO 28400 --- [restartedMain] o.apache.catalina.core.StandardService   : Starting service [Tomcat]
2021-06-27 04:21:35.410  INFO 28400 --- [restartedMain] org.apache.catalina.core.StandardEngine  : Starting Servlet engine: [Apache Tomcat/9.0.48]
2021-06-27 04:21:35.455  INFO 28400 --- [restartedMain] o.a.c.c.C.[Tomcat].[localhost].[/]       : Initializing Spring embedded WebApplicationContext
2021-06-27 04:21:35.455  INFO 28400 --- [restartedMain] w.s.c.ServletWebServerApplicationContext : Root WebApplicationContext: initialization completed in 906 ms
2021-06-27 04:21:36.383  INFO 28400 --- [restartedMain] o.s.b.d.a.OptionalLiveReloadServer       : LiveReload server is running on port 35729
2021-06-27 04:21:36.410  INFO 28400 --- [restartedMain] o.s.b.w.embedded.tomcat.TomcatWebServer  : Tomcat started on port(s): 8080 (http) with context path ''
2021-06-27 04:21:36.419  INFO 28400 --- [restartedMain] com.liupanlong.test2.Test2Application    : Started Test2Application in 2.223 seconds (JVM running for 3.067)
2021-06-27 04:21:40.086  INFO 28400 --- [http-nio-8080-exec-1] o.a.c.c.C.[Tomcat].[localhost].[/]       : Initializing Spring DispatcherServlet 'dispatcherServlet'
2021-06-27 04:21:40.086  INFO 28400 --- [http-nio-8080-exec-1] o.s.web.servlet.DispatcherServlet        : Initializing Servlet 'dispatcherServlet'
2021-06-27 04:21:40.088  INFO 28400 --- [http-nio-8080-exec-1] o.s.web.servlet.DispatcherServlet        : Completed initialization in 1 ms
2021-06-27 04:21:40.184  INFO 28400 --- [http-nio-8080-exec-1] com.alibaba.druid.pool.DruidDataSource   : {dataSource-1} inited
2021-06-27 04:22:41.490  WARN 28400 --- [http-nio-8080-exec-2] c.a.druid.pool.DruidAbstractDataSource   : discard long time none received connection. , jdbcUrl : jdbc:mysql://localhost:3306/test_user?useUnicode=true&characterEncoding=utf-8&serverTimezone=GMT, version : 1.2.4, lastPacketReceivedIdleMillis : 61217
2021-06-27 04:25:26.849  WARN 28400 --- [http-nio-8080-exec-8] c.a.druid.pool.DruidAbstractDataSource   : discard long time none received connection. , jdbcUrl : jdbc:mysql://localhost:3306/test_user?useUnicode=true&characterEncoding=utf-8&serverTimezone=GMT, version : 1.2.4, lastPacketReceivedIdleMillis : 165290
2021-06-27 04:39:37.742  WARN 28400 --- [http-nio-8080-exec-7] c.a.druid.pool.DruidAbstractDataSource   : discard long time none received connection. , jdbcUrl : jdbc:mysql://localhost:3306/test_user?useUnicode=true&characterEncoding=utf-8&serverTimezone=GMT, version : 1.2.4, lastPacketReceivedIdleMillis : 850887
2021-06-27 04:50:09.371  WARN 28400 --- [http-nio-8080-exec-5] c.a.druid.pool.DruidAbstractDataSource   : discard long time none received connection. , jdbcUrl : jdbc:mysql://localhost:3306/test_user?useUnicode=true&characterEncoding=utf-8&serverTimezone=GMT, version : 1.2.4, lastPacketReceivedIdleMillis : 558240
2021-06-27 04:52:38.794  WARN 28400 --- [http-nio-8080-exec-2] c.a.druid.pool.DruidAbstractDataSource   : discard long time none received connection. , jdbcUrl : jdbc:mysql://localhost:3306/test_user?useUnicode=true&characterEncoding=utf-8&serverTimezone=GMT, version : 1.2.4, lastPacketReceivedIdleMillis : 138554
2021-06-27 05:40:14.150  INFO 10992 --- [restartedMain] com.liupanlong.test2.Test2Application    : Starting Test2Application using Java 1.8.0_201 on LAPTOP-LIUPANLONG with PID 10992 (D:\Dev\projects\test2\target\classes started by liupa in D:\Dev\projects\test2)
2021-06-27 05:40:14.150  INFO 10992 --- [restartedMain] com.liupanlong.test2.Test2Application    : No active profile set, falling back to default profiles: default
2021-06-27 05:40:14.204  INFO 10992 --- [restartedMain] .e.DevToolsPropertyDefaultsPostProcessor : Devtools property defaults active! Set 'spring.devtools.add-properties' to 'false' to disable
2021-06-27 05:40:14.204  INFO 10992 --- [restartedMain] .e.DevToolsPropertyDefaultsPostProcessor : For additional web related logging consider setting the 'logging.level.web' property to 'DEBUG'
2021-06-27 05:40:14.665  INFO 10992 --- [restartedMain] .s.d.r.c.RepositoryConfigurationDelegate : Multiple Spring Data modules found, entering strict repository configuration mode!
2021-06-27 05:40:14.665  INFO 10992 --- [restartedMain] .s.d.r.c.RepositoryConfigurationDelegate : Bootstrapping Spring Data Redis repositories in DEFAULT mode.
2021-06-27 05:40:14.681  INFO 10992 --- [restartedMain] .s.d.r.c.RepositoryConfigurationDelegate : Finished Spring Data repository scanning in 5 ms. Found 0 Redis repository interfaces.
2021-06-27 05:40:15.071  INFO 10992 --- [restartedMain] o.s.b.w.embedded.tomcat.TomcatWebServer  : Tomcat initialized with port(s): 8080 (http)
2021-06-27 05:40:15.071  INFO 10992 --- [restartedMain] o.apache.catalina.core.StandardService   : Starting service [Tomcat]
2021-06-27 05:40:15.071  INFO 10992 --- [restartedMain] org.apache.catalina.core.StandardEngine  : Starting Servlet engine: [Apache Tomcat/9.0.48]
2021-06-27 05:40:15.133  INFO 10992 --- [restartedMain] o.a.c.c.C.[Tomcat].[localhost].[/]       : Initializing Spring embedded WebApplicationContext
2021-06-27 05:40:15.133  INFO 10992 --- [restartedMain] w.s.c.ServletWebServerApplicationContext : Root WebApplicationContext: initialization completed in 928 ms
2021-06-27 05:40:16.032  INFO 10992 --- [restartedMain] o.s.b.d.a.OptionalLiveReloadServer       : LiveReload server is running on port 35729
2021-06-27 05:40:16.048  INFO 10992 --- [restartedMain] o.s.b.w.embedded.tomcat.TomcatWebServer  : Tomcat started on port(s): 8080 (http) with context path ''
2021-06-27 05:40:16.064  INFO 10992 --- [restartedMain] com.liupanlong.test2.Test2Application    : Started Test2Application in 2.229 seconds (JVM running for 3.034)
2021-06-27 05:40:38.472  INFO 10992 --- [http-nio-8080-exec-1] o.a.c.c.C.[Tomcat].[localhost].[/]       : Initializing Spring DispatcherServlet 'dispatcherServlet'
2021-06-27 05:40:38.472  INFO 10992 --- [http-nio-8080-exec-1] o.s.web.servlet.DispatcherServlet        : Initializing Servlet 'dispatcherServlet'
2021-06-27 05:40:38.473  INFO 10992 --- [http-nio-8080-exec-1] o.s.web.servlet.DispatcherServlet        : Completed initialization in 0 ms
2021-06-27 05:40:38.575  INFO 10992 --- [http-nio-8080-exec-2] com.alibaba.druid.pool.DruidDataSource   : {dataSource-1} inited
2021-06-27 05:44:17.345  WARN 10992 --- [http-nio-8080-exec-5] c.a.druid.pool.DruidAbstractDataSource   : discard long time none received connection. , jdbcUrl : jdbc:mysql://localhost:3306/test_user?useUnicode=true&characterEncoding=utf-8&serverTimezone=GMT, version : 1.2.4, lastPacketReceivedIdleMillis : 213216
2021-06-27 05:44:49.541  INFO 5964 --- [restartedMain] com.liupanlong.test2.Test2Application    : Starting Test2Application using Java 1.8.0_201 on LAPTOP-LIUPANLONG with PID 5964 (D:\Dev\projects\test2\target\classes started by liupa in D:\Dev\projects\test2)
2021-06-27 05:44:49.542  INFO 5964 --- [restartedMain] com.liupanlong.test2.Test2Application    : No active profile set, falling back to default profiles: default
2021-06-27 05:44:49.579  INFO 5964 --- [restartedMain] .e.DevToolsPropertyDefaultsPostProcessor : Devtools property defaults active! Set 'spring.devtools.add-properties' to 'false' to disable
2021-06-27 05:44:49.580  INFO 5964 --- [restartedMain] .e.DevToolsPropertyDefaultsPostProcessor : For additional web related logging consider setting the 'logging.level.web' property to 'DEBUG'
2021-06-27 05:44:50.033  INFO 5964 --- [restartedMain] .s.d.r.c.RepositoryConfigurationDelegate : Multiple Spring Data modules found, entering strict repository configuration mode!
2021-06-27 05:44:50.035  INFO 5964 --- [restartedMain] .s.d.r.c.RepositoryConfigurationDelegate : Bootstrapping Spring Data Redis repositories in DEFAULT mode.
2021-06-27 05:44:50.050  INFO 5964 --- [restartedMain] .s.d.r.c.RepositoryConfigurationDelegate : Finished Spring Data repository scanning in 6 ms. Found 0 Redis repository interfaces.
2021-06-27 05:44:50.433  INFO 5964 --- [restartedMain] o.s.b.w.embedded.tomcat.TomcatWebServer  : Tomcat initialized with port(s): 8080 (http)
2021-06-27 05:44:50.439  INFO 5964 --- [restartedMain] o.apache.catalina.core.StandardService   : Starting service [Tomcat]
2021-06-27 05:44:50.439  INFO 5964 --- [restartedMain] org.apache.catalina.core.StandardEngine  : Starting Servlet engine: [Apache Tomcat/9.0.48]
2021-06-27 05:44:50.498  INFO 5964 --- [restartedMain] o.a.c.c.C.[Tomcat].[localhost].[/]       : Initializing Spring embedded WebApplicationContext
2021-06-27 05:44:50.498  INFO 5964 --- [restartedMain] w.s.c.ServletWebServerApplicationContext : Root WebApplicationContext: initialization completed in 918 ms
2021-06-27 05:44:51.435  INFO 5964 --- [restartedMain] o.s.b.d.a.OptionalLiveReloadServer       : LiveReload server is running on port 35729
2021-06-27 05:44:51.466  INFO 5964 --- [restartedMain] o.s.b.w.embedded.tomcat.TomcatWebServer  : Tomcat started on port(s): 8080 (http) with context path ''
2021-06-27 05:44:51.466  INFO 5964 --- [restartedMain] com.liupanlong.test2.Test2Application    : Started Test2Application in 2.263 seconds (JVM running for 3.089)
2021-06-27 05:45:38.623  INFO 5964 --- [http-nio-8080-exec-1] o.a.c.c.C.[Tomcat].[localhost].[/]       : Initializing Spring DispatcherServlet 'dispatcherServlet'
2021-06-27 05:45:38.623  INFO 5964 --- [http-nio-8080-exec-1] o.s.web.servlet.DispatcherServlet        : Initializing Servlet 'dispatcherServlet'
2021-06-27 05:45:38.624  INFO 5964 --- [http-nio-8080-exec-1] o.s.web.servlet.DispatcherServlet        : Completed initialization in 0 ms
2021-06-27 05:45:38.723  INFO 5964 --- [http-nio-8080-exec-1] com.alibaba.druid.pool.DruidDataSource   : {dataSource-1} inited
2021-06-27 05:47:52.156  INFO 11820 --- [restartedMain] com.liupanlong.test2.Test2Application    : Starting Test2Application using Java 1.8.0_201 on LAPTOP-LIUPANLONG with PID 11820 (D:\Dev\projects\test2\target\classes started by liupa in D:\Dev\projects\test2)
2021-06-27 05:47:52.158  INFO 11820 --- [restartedMain] com.liupanlong.test2.Test2Application    : No active profile set, falling back to default profiles: default
2021-06-27 05:47:52.184  INFO 11820 --- [restartedMain] .e.DevToolsPropertyDefaultsPostProcessor : Devtools property defaults active! Set 'spring.devtools.add-properties' to 'false' to disable
2021-06-27 05:47:52.184  INFO 11820 --- [restartedMain] .e.DevToolsPropertyDefaultsPostProcessor : For additional web related logging consider setting the 'logging.level.web' property to 'DEBUG'
2021-06-27 05:47:52.651  INFO 11820 --- [restartedMain] .s.d.r.c.RepositoryConfigurationDelegate : Multiple Spring Data modules found, entering strict repository configuration mode!
2021-06-27 05:47:52.651  INFO 11820 --- [restartedMain] .s.d.r.c.RepositoryConfigurationDelegate : Bootstrapping Spring Data Redis repositories in DEFAULT mode.
2021-06-27 05:47:52.666  INFO 11820 --- [restartedMain] .s.d.r.c.RepositoryConfigurationDelegate : Finished Spring Data repository scanning in 7 ms. Found 0 Redis repository interfaces.
2021-06-27 05:47:53.046  INFO 11820 --- [restartedMain] o.s.b.w.embedded.tomcat.TomcatWebServer  : Tomcat initialized with port(s): 8080 (http)
2021-06-27 05:47:53.046  INFO 11820 --- [restartedMain] o.apache.catalina.core.StandardService   : Starting service [Tomcat]
2021-06-27 05:47:53.046  INFO 11820 --- [restartedMain] org.apache.catalina.core.StandardEngine  : Starting Servlet engine: [Apache Tomcat/9.0.48]
2021-06-27 05:47:53.110  INFO 11820 --- [restartedMain] o.a.c.c.C.[Tomcat].[localhost].[/]       : Initializing Spring embedded WebApplicationContext
2021-06-27 05:47:53.110  INFO 11820 --- [restartedMain] w.s.c.ServletWebServerApplicationContext : Root WebApplicationContext: initialization completed in 926 ms
2021-06-27 05:47:54.044  INFO 11820 --- [restartedMain] o.s.b.d.a.OptionalLiveReloadServer       : LiveReload server is running on port 35729
2021-06-27 05:47:54.071  INFO 11820 --- [restartedMain] o.s.b.w.embedded.tomcat.TomcatWebServer  : Tomcat started on port(s): 8080 (http) with context path ''
2021-06-27 05:47:54.079  INFO 11820 --- [restartedMain] com.liupanlong.test2.Test2Application    : Started Test2Application in 2.25 seconds (JVM running for 3.141)
2021-06-27 05:48:06.909  INFO 11820 --- [http-nio-8080-exec-1] o.a.c.c.C.[Tomcat].[localhost].[/]       : Initializing Spring DispatcherServlet 'dispatcherServlet'
2021-06-27 05:48:06.910  INFO 11820 --- [http-nio-8080-exec-1] o.s.web.servlet.DispatcherServlet        : Initializing Servlet 'dispatcherServlet'
2021-06-27 05:48:06.910  INFO 11820 --- [http-nio-8080-exec-1] o.s.web.servlet.DispatcherServlet        : Completed initialization in 0 ms
2021-06-27 05:48:07.011  INFO 11820 --- [http-nio-8080-exec-1] com.alibaba.druid.pool.DruidDataSource   : {dataSource-1} inited
2021-06-27 05:49:41.956  INFO 3544 --- [restartedMain] com.liupanlong.test2.Test2Application    : Starting Test2Application using Java 1.8.0_201 on LAPTOP-LIUPANLONG with PID 3544 (D:\Dev\projects\test2\target\classes started by liupa in D:\Dev\projects\test2)
2021-06-27 05:49:41.956  INFO 3544 --- [restartedMain] com.liupanlong.test2.Test2Application    : No active profile set, falling back to default profiles: default
2021-06-27 05:49:42.003  INFO 3544 --- [restartedMain] .e.DevToolsPropertyDefaultsPostProcessor : Devtools property defaults active! Set 'spring.devtools.add-properties' to 'false' to disable
2021-06-27 05:49:42.003  INFO 3544 --- [restartedMain] .e.DevToolsPropertyDefaultsPostProcessor : For additional web related logging consider setting the 'logging.level.web' property to 'DEBUG'
2021-06-27 05:49:42.457  INFO 3544 --- [restartedMain] .s.d.r.c.RepositoryConfigurationDelegate : Multiple Spring Data modules found, entering strict repository configuration mode!
2021-06-27 05:49:42.459  INFO 3544 --- [restartedMain] .s.d.r.c.RepositoryConfigurationDelegate : Bootstrapping Spring Data Redis repositories in DEFAULT mode.
2021-06-27 05:49:42.474  INFO 3544 --- [restartedMain] .s.d.r.c.RepositoryConfigurationDelegate : Finished Spring Data repository scanning in 6 ms. Found 0 Redis repository interfaces.
2021-06-27 05:49:42.849  INFO 3544 --- [restartedMain] o.s.b.w.embedded.tomcat.TomcatWebServer  : Tomcat initialized with port(s): 8080 (http)
2021-06-27 05:49:42.849  INFO 3544 --- [restartedMain] o.apache.catalina.core.StandardService   : Starting service [Tomcat]
2021-06-27 05:49:42.849  INFO 3544 --- [restartedMain] org.apache.catalina.core.StandardEngine  : Starting Servlet engine: [Apache Tomcat/9.0.48]
2021-06-27 05:49:42.897  INFO 3544 --- [restartedMain] o.a.c.c.C.[Tomcat].[localhost].[/]       : Initializing Spring embedded WebApplicationContext
2021-06-27 05:49:42.897  INFO 3544 --- [restartedMain] w.s.c.ServletWebServerApplicationContext : Root WebApplicationContext: initialization completed in 894 ms
2021-06-27 05:49:43.817  INFO 3544 --- [restartedMain] o.s.b.d.a.OptionalLiveReloadServer       : LiveReload server is running on port 35729
2021-06-27 05:49:43.833  INFO 3544 --- [restartedMain] o.s.b.w.embedded.tomcat.TomcatWebServer  : Tomcat started on port(s): 8080 (http) with context path ''
2021-06-27 05:49:43.848  INFO 3544 --- [restartedMain] com.liupanlong.test2.Test2Application    : Started Test2Application in 2.205 seconds (JVM running for 3.061)
2021-06-27 05:50:13.518  INFO 17944 --- [restartedMain] com.liupanlong.test2.Test2Application    : Starting Test2Application using Java 1.8.0_201 on LAPTOP-LIUPANLONG with PID 17944 (D:\Dev\projects\test2\target\classes started by liupa in D:\Dev\projects\test2)
2021-06-27 05:50:13.519  INFO 17944 --- [restartedMain] com.liupanlong.test2.Test2Application    : No active profile set, falling back to default profiles: default
2021-06-27 05:50:13.551  INFO 17944 --- [restartedMain] .e.DevToolsPropertyDefaultsPostProcessor : Devtools property defaults active! Set 'spring.devtools.add-properties' to 'false' to disable
2021-06-27 05:50:13.551  INFO 17944 --- [restartedMain] .e.DevToolsPropertyDefaultsPostProcessor : For additional web related logging consider setting the 'logging.level.web' property to 'DEBUG'
2021-06-27 05:50:14.004  INFO 17944 --- [restartedMain] .s.d.r.c.RepositoryConfigurationDelegate : Multiple Spring Data modules found, entering strict repository configuration mode!
2021-06-27 05:50:14.004  INFO 17944 --- [restartedMain] .s.d.r.c.RepositoryConfigurationDelegate : Bootstrapping Spring Data Redis repositories in DEFAULT mode.
2021-06-27 05:50:14.019  INFO 17944 --- [restartedMain] .s.d.r.c.RepositoryConfigurationDelegate : Finished Spring Data repository scanning in 8 ms. Found 0 Redis repository interfaces.
2021-06-27 05:50:14.410  INFO 17944 --- [restartedMain] o.s.b.w.embedded.tomcat.TomcatWebServer  : Tomcat initialized with port(s): 8080 (http)
2021-06-27 05:50:14.416  INFO 17944 --- [restartedMain] o.apache.catalina.core.StandardService   : Starting service [Tomcat]
2021-06-27 05:50:14.416  INFO 17944 --- [restartedMain] org.apache.catalina.core.StandardEngine  : Starting Servlet engine: [Apache Tomcat/9.0.48]
2021-06-27 05:50:14.471  INFO 17944 --- [restartedMain] o.a.c.c.C.[Tomcat].[localhost].[/]       : Initializing Spring embedded WebApplicationContext
2021-06-27 05:50:14.472  INFO 17944 --- [restartedMain] w.s.c.ServletWebServerApplicationContext : Root WebApplicationContext: initialization completed in 920 ms
2021-06-27 05:50:15.375  INFO 17944 --- [restartedMain] o.s.b.d.a.OptionalLiveReloadServer       : LiveReload server is running on port 35729
2021-06-27 05:50:15.403  INFO 17944 --- [restartedMain] o.s.b.w.embedded.tomcat.TomcatWebServer  : Tomcat started on port(s): 8080 (http) with context path ''
2021-06-27 05:50:15.411  INFO 17944 --- [restartedMain] com.liupanlong.test2.Test2Application    : Started Test2Application in 2.233 seconds (JVM running for 3.073)
2021-06-27 05:50:19.202  INFO 17944 --- [http-nio-8080-exec-1] o.a.c.c.C.[Tomcat].[localhost].[/]       : Initializing Spring DispatcherServlet 'dispatcherServlet'
2021-06-27 05:50:19.202  INFO 17944 --- [http-nio-8080-exec-1] o.s.web.servlet.DispatcherServlet        : Initializing Servlet 'dispatcherServlet'
2021-06-27 05:50:19.203  INFO 17944 --- [http-nio-8080-exec-1] o.s.web.servlet.DispatcherServlet        : Completed initialization in 1 ms
2021-06-27 05:50:19.298  INFO 17944 --- [http-nio-8080-exec-1] com.alibaba.druid.pool.DruidDataSource   : {dataSource-1} inited
2021-06-27 06:04:44.316  INFO 30768 --- [restartedMain] com.liupanlong.test2.Test2Application    : Starting Test2Application using Java 1.8.0_201 on LAPTOP-LIUPANLONG with PID 30768 (D:\Dev\projects\test2\target\classes started by liupa in D:\Dev\projects\test2)
2021-06-27 06:04:44.317  INFO 30768 --- [restartedMain] com.liupanlong.test2.Test2Application    : No active profile set, falling back to default profiles: default
2021-06-27 06:04:44.353  INFO 30768 --- [restartedMain] .e.DevToolsPropertyDefaultsPostProcessor : Devtools property defaults active! Set 'spring.devtools.add-properties' to 'false' to disable
2021-06-27 06:04:44.353  INFO 30768 --- [restartedMain] .e.DevToolsPropertyDefaultsPostProcessor : For additional web related logging consider setting the 'logging.level.web' property to 'DEBUG'
2021-06-27 06:04:44.820  INFO 30768 --- [restartedMain] .s.d.r.c.RepositoryConfigurationDelegate : Multiple Spring Data modules found, entering strict repository configuration mode!
2021-06-27 06:04:44.820  INFO 30768 --- [restartedMain] .s.d.r.c.RepositoryConfigurationDelegate : Bootstrapping Spring Data Redis repositories in DEFAULT mode.
2021-06-27 06:04:44.850  INFO 30768 --- [restartedMain] .s.d.r.c.RepositoryConfigurationDelegate : Finished Spring Data repository scanning in 7 ms. Found 0 Redis repository interfaces.
2021-06-27 06:04:45.233  INFO 30768 --- [restartedMain] o.s.b.w.embedded.tomcat.TomcatWebServer  : Tomcat initialized with port(s): 8080 (http)
2021-06-27 06:04:45.233  INFO 30768 --- [restartedMain] o.apache.catalina.core.StandardService   : Starting service [Tomcat]
2021-06-27 06:04:45.233  INFO 30768 --- [restartedMain] org.apache.catalina.core.StandardEngine  : Starting Servlet engine: [Apache Tomcat/9.0.48]
2021-06-27 06:04:45.295  INFO 30768 --- [restartedMain] o.a.c.c.C.[Tomcat].[localhost].[/]       : Initializing Spring embedded WebApplicationContext
2021-06-27 06:04:45.295  INFO 30768 --- [restartedMain] w.s.c.ServletWebServerApplicationContext : Root WebApplicationContext: initialization completed in 942 ms
2021-06-27 06:04:46.213  INFO 30768 --- [restartedMain] o.s.b.d.a.OptionalLiveReloadServer       : LiveReload server is running on port 35729
2021-06-27 06:04:46.240  INFO 30768 --- [restartedMain] o.s.b.w.embedded.tomcat.TomcatWebServer  : Tomcat started on port(s): 8080 (http) with context path ''
2021-06-27 06:04:46.249  INFO 30768 --- [restartedMain] com.liupanlong.test2.Test2Application    : Started Test2Application in 2.261 seconds (JVM running for 3.015)
2021-06-27 06:07:25.384  INFO 30768 --- [http-nio-8080-exec-1] o.a.c.c.C.[Tomcat].[localhost].[/]       : Initializing Spring DispatcherServlet 'dispatcherServlet'
2021-06-27 06:07:25.384  INFO 30768 --- [http-nio-8080-exec-1] o.s.web.servlet.DispatcherServlet        : Initializing Servlet 'dispatcherServlet'
2021-06-27 06:07:25.385  INFO 30768 --- [http-nio-8080-exec-1] o.s.web.servlet.DispatcherServlet        : Completed initialization in 1 ms
2021-06-27 06:07:25.480  INFO 30768 --- [http-nio-8080-exec-1] com.alibaba.druid.pool.DruidDataSource   : {dataSource-1} inited
2021-06-27 06:11:50.891  WARN 30768 --- [http-nio-8080-exec-3] c.a.druid.pool.DruidAbstractDataSource   : discard long time none received connection. , jdbcUrl : jdbc:mysql://localhost:3306/test_user?useUnicode=true&characterEncoding=utf-8&serverTimezone=GMT, version : 1.2.4, lastPacketReceivedIdleMillis : 243757
2021-06-27 06:13:20.472  WARN 30768 --- [http-nio-8080-exec-6] c.a.druid.pool.DruidAbstractDataSource   : discard long time none received connection. , jdbcUrl : jdbc:mysql://localhost:3306/test_user?useUnicode=true&characterEncoding=utf-8&serverTimezone=GMT, version : 1.2.4, lastPacketReceivedIdleMillis : 89572
2021-06-27 09:19:43.232  INFO 22696 --- [restartedMain] com.liupanlong.test2.Test2Application    : Starting Test2Application using Java 1.8.0_201 on LAPTOP-LIUPANLONG with PID 22696 (D:\Dev\projects\test2\target\classes started by liupa in D:\Dev\projects\test2)
2021-06-27 09:19:43.234  INFO 22696 --- [restartedMain] com.liupanlong.test2.Test2Application    : No active profile set, falling back to default profiles: default
2021-06-27 09:19:43.273  INFO 22696 --- [restartedMain] .e.DevToolsPropertyDefaultsPostProcessor : Devtools property defaults active! Set 'spring.devtools.add-properties' to 'false' to disable
2021-06-27 09:19:43.273  INFO 22696 --- [restartedMain] .e.DevToolsPropertyDefaultsPostProcessor : For additional web related logging consider setting the 'logging.level.web' property to 'DEBUG'
2021-06-27 09:19:43.748  INFO 22696 --- [restartedMain] .s.d.r.c.RepositoryConfigurationDelegate : Multiple Spring Data modules found, entering strict repository configuration mode!
2021-06-27 09:19:43.748  INFO 22696 --- [restartedMain] .s.d.r.c.RepositoryConfigurationDelegate : Bootstrapping Spring Data Redis repositories in DEFAULT mode.
2021-06-27 09:19:43.763  INFO 22696 --- [restartedMain] .s.d.r.c.RepositoryConfigurationDelegate : Finished Spring Data repository scanning in 6 ms. Found 0 Redis repository interfaces.
2021-06-27 09:19:44.123  INFO 22696 --- [restartedMain] o.s.b.w.embedded.tomcat.TomcatWebServer  : Tomcat initialized with port(s): 8080 (http)
2021-06-27 09:19:44.138  INFO 22696 --- [restartedMain] o.apache.catalina.core.StandardService   : Starting service [Tomcat]
2021-06-27 09:19:44.138  INFO 22696 --- [restartedMain] org.apache.catalina.core.StandardEngine  : Starting Servlet engine: [Apache Tomcat/9.0.48]
2021-06-27 09:19:44.194  INFO 22696 --- [restartedMain] o.a.c.c.C.[Tomcat].[localhost].[/]       : Initializing Spring embedded WebApplicationContext
2021-06-27 09:19:44.194  INFO 22696 --- [restartedMain] w.s.c.ServletWebServerApplicationContext : Root WebApplicationContext: initialization completed in 920 ms
2021-06-27 09:19:45.092  INFO 22696 --- [restartedMain] o.s.b.d.a.OptionalLiveReloadServer       : LiveReload server is running on port 35729
2021-06-27 09:19:45.123  INFO 22696 --- [restartedMain] o.s.b.w.embedded.tomcat.TomcatWebServer  : Tomcat started on port(s): 8080 (http) with context path ''
2021-06-27 09:19:45.123  INFO 22696 --- [restartedMain] com.liupanlong.test2.Test2Application    : Started Test2Application in 2.209 seconds (JVM running for 3.029)
2021-06-27 09:19:55.516  INFO 22696 --- [http-nio-8080-exec-1] o.a.c.c.C.[Tomcat].[localhost].[/]       : Initializing Spring DispatcherServlet 'dispatcherServlet'
2021-06-27 09:19:55.516  INFO 22696 --- [http-nio-8080-exec-1] o.s.web.servlet.DispatcherServlet        : Initializing Servlet 'dispatcherServlet'
2021-06-27 09:19:55.517  INFO 22696 --- [http-nio-8080-exec-1] o.s.web.servlet.DispatcherServlet        : Completed initialization in 1 ms
2021-06-27 09:19:55.621  INFO 22696 --- [http-nio-8080-exec-4] com.alibaba.druid.pool.DruidDataSource   : {dataSource-1} inited
2021-06-27 09:22:04.006  WARN 22696 --- [http-nio-8080-exec-2] c.a.druid.pool.DruidAbstractDataSource   : discard long time none received connection. , jdbcUrl : jdbc:mysql://localhost:3306/test_user?useUnicode=true&characterEncoding=utf-8&serverTimezone=GMT, version : 1.2.4, lastPacketReceivedIdleMillis : 127365
2021-06-27 09:25:29.407  WARN 22696 --- [http-nio-8080-exec-4] c.a.druid.pool.DruidAbstractDataSource   : discard long time none received connection. , jdbcUrl : jdbc:mysql://localhost:3306/test_user?useUnicode=true&characterEncoding=utf-8&serverTimezone=GMT, version : 1.2.4, lastPacketReceivedIdleMillis : 170433
2021-06-27 09:26:34.911  WARN 22696 --- [http-nio-8080-exec-2] c.a.druid.pool.DruidAbstractDataSource   : discard long time none received connection. , jdbcUrl : jdbc:mysql://localhost:3306/test_user?useUnicode=true&characterEncoding=utf-8&serverTimezone=GMT, version : 1.2.4, lastPacketReceivedIdleMillis : 65497
2021-06-27 09:31:42.904  WARN 22696 --- [http-nio-8080-exec-8] c.a.druid.pool.DruidAbstractDataSource   : discard long time none received connection. , jdbcUrl : jdbc:mysql://localhost:3306/test_user?useUnicode=true&characterEncoding=utf-8&serverTimezone=GMT, version : 1.2.4, lastPacketReceivedIdleMillis : 295279
2021-06-27 09:34:34.319  WARN 22696 --- [http-nio-8080-exec-9] c.a.druid.pool.DruidAbstractDataSource   : discard long time none received connection. , jdbcUrl : jdbc:mysql://localhost:3306/test_user?useUnicode=true&characterEncoding=utf-8&serverTimezone=GMT, version : 1.2.4, lastPacketReceivedIdleMillis : 150205
2021-06-27 09:37:01.331  WARN 22696 --- [http-nio-8080-exec-4] c.a.druid.pool.DruidAbstractDataSource   : discard long time none received connection. , jdbcUrl : jdbc:mysql://localhost:3306/test_user?useUnicode=true&characterEncoding=utf-8&serverTimezone=GMT, version : 1.2.4, lastPacketReceivedIdleMillis : 142058
2021-06-27 09:39:07.465  WARN 22696 --- [http-nio-8080-exec-2] c.a.druid.pool.DruidAbstractDataSource   : discard long time none received connection. , jdbcUrl : jdbc:mysql://localhost:3306/test_user?useUnicode=true&characterEncoding=utf-8&serverTimezone=GMT, version : 1.2.4, lastPacketReceivedIdleMillis : 126127
2021-06-27 09:43:46.040  WARN 22696 --- [http-nio-8080-exec-6] c.a.druid.pool.DruidAbstractDataSource   : discard long time none received connection. , jdbcUrl : jdbc:mysql://localhost:3306/test_user?useUnicode=true&characterEncoding=utf-8&serverTimezone=GMT, version : 1.2.4, lastPacketReceivedIdleMillis : 278568
2021-06-27 09:50:08.694  INFO 24216 --- [restartedMain] com.liupanlong.test2.Test2Application    : Starting Test2Application using Java 1.8.0_201 on LAPTOP-LIUPANLONG with PID 24216 (D:\Dev\projects\test2\target\classes started by liupa in D:\Dev\projects\test2)
2021-06-27 09:50:08.694  INFO 24216 --- [restartedMain] com.liupanlong.test2.Test2Application    : No active profile set, falling back to default profiles: default
2021-06-27 09:50:08.741  INFO 24216 --- [restartedMain] .e.DevToolsPropertyDefaultsPostProcessor : Devtools property defaults active! Set 'spring.devtools.add-properties' to 'false' to disable
2021-06-27 09:50:08.741  INFO 24216 --- [restartedMain] .e.DevToolsPropertyDefaultsPostProcessor : For additional web related logging consider setting the 'logging.level.web' property to 'DEBUG'
2021-06-27 09:50:09.195  INFO 24216 --- [restartedMain] .s.d.r.c.RepositoryConfigurationDelegate : Multiple Spring Data modules found, entering strict repository configuration mode!
2021-06-27 09:50:09.195  INFO 24216 --- [restartedMain] .s.d.r.c.RepositoryConfigurationDelegate : Bootstrapping Spring Data Redis repositories in DEFAULT mode.
2021-06-27 09:50:09.210  INFO 24216 --- [restartedMain] .s.d.r.c.RepositoryConfigurationDelegate : Finished Spring Data repository scanning in 7 ms. Found 0 Redis repository interfaces.
2021-06-27 09:50:09.588  INFO 24216 --- [restartedMain] o.s.b.w.embedded.tomcat.TomcatWebServer  : Tomcat initialized with port(s): 8080 (http)
2021-06-27 09:50:09.604  INFO 24216 --- [restartedMain] o.apache.catalina.core.StandardService   : Starting service [Tomcat]
2021-06-27 09:50:09.604  INFO 24216 --- [restartedMain] org.apache.catalina.core.StandardEngine  : Starting Servlet engine: [Apache Tomcat/9.0.48]
2021-06-27 09:50:09.651  INFO 24216 --- [restartedMain] o.a.c.c.C.[Tomcat].[localhost].[/]       : Initializing Spring embedded WebApplicationContext
2021-06-27 09:50:09.651  INFO 24216 --- [restartedMain] w.s.c.ServletWebServerApplicationContext : Root WebApplicationContext: initialization completed in 910 ms
2021-06-27 09:50:10.583  INFO 24216 --- [restartedMain] o.s.b.d.a.OptionalLiveReloadServer       : LiveReload server is running on port 35729
2021-06-27 09:50:10.607  INFO 24216 --- [restartedMain] o.s.b.w.embedded.tomcat.TomcatWebServer  : Tomcat started on port(s): 8080 (http) with context path ''
2021-06-27 09:50:10.607  INFO 24216 --- [restartedMain] com.liupanlong.test2.Test2Application    : Started Test2Application in 2.234 seconds (JVM running for 3.103)
2021-06-27 09:50:24.687  INFO 24216 --- [http-nio-8080-exec-1] o.a.c.c.C.[Tomcat].[localhost].[/]       : Initializing Spring DispatcherServlet 'dispatcherServlet'
2021-06-27 09:50:24.687  INFO 24216 --- [http-nio-8080-exec-1] o.s.web.servlet.DispatcherServlet        : Initializing Servlet 'dispatcherServlet'
2021-06-27 09:50:24.689  INFO 24216 --- [http-nio-8080-exec-1] o.s.web.servlet.DispatcherServlet        : Completed initialization in 2 ms
2021-06-27 09:50:24.785  INFO 24216 --- [http-nio-8080-exec-1] com.alibaba.druid.pool.DruidDataSource   : {dataSource-1} inited
2021-06-27 09:53:21.882  WARN 24216 --- [http-nio-8080-exec-5] c.a.druid.pool.DruidAbstractDataSource   : discard long time none received connection. , jdbcUrl : jdbc:mysql://localhost:3306/test_user?useUnicode=true&characterEncoding=utf-8&serverTimezone=GMT, version : 1.2.4, lastPacketReceivedIdleMillis : 175919
2021-06-27 10:00:55.246  WARN 24216 --- [http-nio-8080-exec-6] c.a.druid.pool.DruidAbstractDataSource   : discard long time none received connection. , jdbcUrl : jdbc:mysql://localhost:3306/test_user?useUnicode=true&characterEncoding=utf-8&serverTimezone=GMT, version : 1.2.4, lastPacketReceivedIdleMillis : 443974
2021-06-27 10:02:44.617  INFO 16772 --- [restartedMain] com.liupanlong.test2.Test2Application    : Starting Test2Application using Java 1.8.0_201 on LAPTOP-LIUPANLONG with PID 16772 (D:\Dev\projects\test2\target\classes started by liupa in D:\Dev\projects\test2)
2021-06-27 10:02:44.632  INFO 16772 --- [restartedMain] com.liupanlong.test2.Test2Application    : No active profile set, falling back to default profiles: default
2021-06-27 10:02:44.664  INFO 16772 --- [restartedMain] .e.DevToolsPropertyDefaultsPostProcessor : Devtools property defaults active! Set 'spring.devtools.add-properties' to 'false' to disable
2021-06-27 10:02:44.664  INFO 16772 --- [restartedMain] .e.DevToolsPropertyDefaultsPostProcessor : For additional web related logging consider setting the 'logging.level.web' property to 'DEBUG'
2021-06-27 10:02:45.148  INFO 16772 --- [restartedMain] .s.d.r.c.RepositoryConfigurationDelegate : Multiple Spring Data modules found, entering strict repository configuration mode!
2021-06-27 10:02:45.148  INFO 16772 --- [restartedMain] .s.d.r.c.RepositoryConfigurationDelegate : Bootstrapping Spring Data Redis repositories in DEFAULT mode.
2021-06-27 10:02:45.164  INFO 16772 --- [restartedMain] .s.d.r.c.RepositoryConfigurationDelegate : Finished Spring Data repository scanning in 6 ms. Found 0 Redis repository interfaces.
2021-06-27 10:02:45.559  INFO 16772 --- [restartedMain] o.s.b.w.embedded.tomcat.TomcatWebServer  : Tomcat initialized with port(s): 8080 (http)
2021-06-27 10:02:45.559  INFO 16772 --- [restartedMain] o.apache.catalina.core.StandardService   : Starting service [Tomcat]
2021-06-27 10:02:45.559  INFO 16772 --- [restartedMain] org.apache.catalina.core.StandardEngine  : Starting Servlet engine: [Apache Tomcat/9.0.48]
2021-06-27 10:02:45.606  INFO 16772 --- [restartedMain] o.a.c.c.C.[Tomcat].[localhost].[/]       : Initializing Spring embedded WebApplicationContext
2021-06-27 10:02:45.621  INFO 16772 --- [restartedMain] w.s.c.ServletWebServerApplicationContext : Root WebApplicationContext: initialization completed in 957 ms
2021-06-27 10:02:46.547  INFO 16772 --- [restartedMain] o.s.b.d.a.OptionalLiveReloadServer       : LiveReload server is running on port 35729
2021-06-27 10:02:46.576  INFO 16772 --- [restartedMain] o.s.b.w.embedded.tomcat.TomcatWebServer  : Tomcat started on port(s): 8080 (http) with context path ''
2021-06-27 10:02:46.584  INFO 16772 --- [restartedMain] com.liupanlong.test2.Test2Application    : Started Test2Application in 2.28 seconds (JVM running for 3.123)
2021-06-27 10:03:15.823  INFO 16772 --- [http-nio-8080-exec-1] o.a.c.c.C.[Tomcat].[localhost].[/]       : Initializing Spring DispatcherServlet 'dispatcherServlet'
2021-06-27 10:03:15.823  INFO 16772 --- [http-nio-8080-exec-1] o.s.web.servlet.DispatcherServlet        : Initializing Servlet 'dispatcherServlet'
2021-06-27 10:03:15.824  INFO 16772 --- [http-nio-8080-exec-1] o.s.web.servlet.DispatcherServlet        : Completed initialization in 1 ms
2021-06-27 10:03:15.893  INFO 16772 --- [http-nio-8080-exec-1] com.alibaba.druid.pool.DruidDataSource   : {dataSource-1} inited
2021-06-27 10:06:21.201  INFO 23376 --- [restartedMain] com.liupanlong.test2.Test2Application    : Starting Test2Application using Java 1.8.0_201 on LAPTOP-LIUPANLONG with PID 23376 (D:\Dev\projects\test2\target\classes started by liupa in D:\Dev\projects\test2)
2021-06-27 10:06:21.218  INFO 23376 --- [restartedMain] com.liupanlong.test2.Test2Application    : No active profile set, falling back to default profiles: default
2021-06-27 10:06:21.254  INFO 23376 --- [restartedMain] .e.DevToolsPropertyDefaultsPostProcessor : Devtools property defaults active! Set 'spring.devtools.add-properties' to 'false' to disable
2021-06-27 10:06:21.255  INFO 23376 --- [restartedMain] .e.DevToolsPropertyDefaultsPostProcessor : For additional web related logging consider setting the 'logging.level.web' property to 'DEBUG'
2021-06-27 10:06:21.694  INFO 23376 --- [restartedMain] .s.d.r.c.RepositoryConfigurationDelegate : Multiple Spring Data modules found, entering strict repository configuration mode!
2021-06-27 10:06:21.694  INFO 23376 --- [restartedMain] .s.d.r.c.RepositoryConfigurationDelegate : Bootstrapping Spring Data Redis repositories in DEFAULT mode.
2021-06-27 10:06:21.710  INFO 23376 --- [restartedMain] .s.d.r.c.RepositoryConfigurationDelegate : Finished Spring Data repository scanning in 6 ms. Found 0 Redis repository interfaces.
2021-06-27 10:06:22.101  INFO 23376 --- [restartedMain] o.s.b.w.embedded.tomcat.TomcatWebServer  : Tomcat initialized with port(s): 8080 (http)
2021-06-27 10:06:22.101  INFO 23376 --- [restartedMain] o.apache.catalina.core.StandardService   : Starting service [Tomcat]
2021-06-27 10:06:22.101  INFO 23376 --- [restartedMain] org.apache.catalina.core.StandardEngine  : Starting Servlet engine: [Apache Tomcat/9.0.48]
2021-06-27 10:06:22.163  INFO 23376 --- [restartedMain] o.a.c.c.C.[Tomcat].[localhost].[/]       : Initializing Spring embedded WebApplicationContext
2021-06-27 10:06:22.163  INFO 23376 --- [restartedMain] w.s.c.ServletWebServerApplicationContext : Root WebApplicationContext: initialization completed in 908 ms
2021-06-27 10:06:23.072  INFO 23376 --- [restartedMain] o.s.b.d.a.OptionalLiveReloadServer       : LiveReload server is running on port 35729
2021-06-27 10:06:23.104  INFO 23376 --- [restartedMain] o.s.b.w.embedded.tomcat.TomcatWebServer  : Tomcat started on port(s): 8080 (http) with context path ''
2021-06-27 10:06:23.119  INFO 23376 --- [restartedMain] com.liupanlong.test2.Test2Application    : Started Test2Application in 2.231 seconds (JVM running for 3.105)
2021-06-27 10:06:33.787  INFO 23376 --- [http-nio-8080-exec-1] o.a.c.c.C.[Tomcat].[localhost].[/]       : Initializing Spring DispatcherServlet 'dispatcherServlet'
2021-06-27 10:06:33.787  INFO 23376 --- [http-nio-8080-exec-1] o.s.web.servlet.DispatcherServlet        : Initializing Servlet 'dispatcherServlet'
2021-06-27 10:06:33.788  INFO 23376 --- [http-nio-8080-exec-1] o.s.web.servlet.DispatcherServlet        : Completed initialization in 1 ms
2021-06-27 10:06:33.883  INFO 23376 --- [http-nio-8080-exec-1] com.alibaba.druid.pool.DruidDataSource   : {dataSource-1} inited
2021-06-27 10:08:17.295  INFO 4872 --- [restartedMain] com.liupanlong.test2.Test2Application    : Starting Test2Application using Java 1.8.0_201 on LAPTOP-LIUPANLONG with PID 4872 (D:\Dev\projects\test2\target\classes started by liupa in D:\Dev\projects\test2)
2021-06-27 10:08:17.297  INFO 4872 --- [restartedMain] com.liupanlong.test2.Test2Application    : No active profile set, falling back to default profiles: default
2021-06-27 10:08:17.335  INFO 4872 --- [restartedMain] .e.DevToolsPropertyDefaultsPostProcessor : Devtools property defaults active! Set 'spring.devtools.add-properties' to 'false' to disable
2021-06-27 10:08:17.335  INFO 4872 --- [restartedMain] .e.DevToolsPropertyDefaultsPostProcessor : For additional web related logging consider setting the 'logging.level.web' property to 'DEBUG'
2021-06-27 10:08:17.790  INFO 4872 --- [restartedMain] .s.d.r.c.RepositoryConfigurationDelegate : Multiple Spring Data modules found, entering strict repository configuration mode!
2021-06-27 10:08:17.791  INFO 4872 --- [restartedMain] .s.d.r.c.RepositoryConfigurationDelegate : Bootstrapping Spring Data Redis repositories in DEFAULT mode.
2021-06-27 10:08:17.807  INFO 4872 --- [restartedMain] .s.d.r.c.RepositoryConfigurationDelegate : Finished Spring Data repository scanning in 6 ms. Found 0 Redis repository interfaces.
2021-06-27 10:08:18.198  INFO 4872 --- [restartedMain] o.s.b.w.embedded.tomcat.TomcatWebServer  : Tomcat initialized with port(s): 8080 (http)
2021-06-27 10:08:18.205  INFO 4872 --- [restartedMain] o.apache.catalina.core.StandardService   : Starting service [Tomcat]
2021-06-27 10:08:18.205  INFO 4872 --- [restartedMain] org.apache.catalina.core.StandardEngine  : Starting Servlet engine: [Apache Tomcat/9.0.48]
2021-06-27 10:08:18.261  INFO 4872 --- [restartedMain] o.a.c.c.C.[Tomcat].[localhost].[/]       : Initializing Spring embedded WebApplicationContext
2021-06-27 10:08:18.261  INFO 4872 --- [restartedMain] w.s.c.ServletWebServerApplicationContext : Root WebApplicationContext: initialization completed in 926 ms
2021-06-27 10:08:19.215  INFO 4872 --- [restartedMain] o.s.b.d.a.OptionalLiveReloadServer       : LiveReload server is running on port 35729
2021-06-27 10:08:19.243  INFO 4872 --- [restartedMain] o.s.b.w.embedded.tomcat.TomcatWebServer  : Tomcat started on port(s): 8080 (http) with context path ''
2021-06-27 10:08:19.251  INFO 4872 --- [restartedMain] com.liupanlong.test2.Test2Application    : Started Test2Application in 2.279 seconds (JVM running for 3.153)
2021-06-27 10:09:10.745  INFO 31012 --- [restartedMain] com.liupanlong.test2.Test2Application    : Starting Test2Application using Java 1.8.0_201 on LAPTOP-LIUPANLONG with PID 31012 (D:\Dev\projects\test2\target\classes started by liupa in D:\Dev\projects\test2)
2021-06-27 10:09:10.745  INFO 31012 --- [restartedMain] com.liupanlong.test2.Test2Application    : No active profile set, falling back to default profiles: default
2021-06-27 10:09:10.776  INFO 31012 --- [restartedMain] .e.DevToolsPropertyDefaultsPostProcessor : Devtools property defaults active! Set 'spring.devtools.add-properties' to 'false' to disable
2021-06-27 10:09:10.776  INFO 31012 --- [restartedMain] .e.DevToolsPropertyDefaultsPostProcessor : For additional web related logging consider setting the 'logging.level.web' property to 'DEBUG'
2021-06-27 10:09:11.258  INFO 31012 --- [restartedMain] .s.d.r.c.RepositoryConfigurationDelegate : Multiple Spring Data modules found, entering strict repository configuration mode!
2021-06-27 10:09:11.259  INFO 31012 --- [restartedMain] .s.d.r.c.RepositoryConfigurationDelegate : Bootstrapping Spring Data Redis repositories in DEFAULT mode.
2021-06-27 10:09:11.275  INFO 31012 --- [restartedMain] .s.d.r.c.RepositoryConfigurationDelegate : Finished Spring Data repository scanning in 6 ms. Found 0 Redis repository interfaces.
2021-06-27 10:09:11.648  INFO 31012 --- [restartedMain] o.s.b.w.embedded.tomcat.TomcatWebServer  : Tomcat initialized with port(s): 8080 (http)
2021-06-27 10:09:11.663  INFO 31012 --- [restartedMain] o.apache.catalina.core.StandardService   : Starting service [Tomcat]
2021-06-27 10:09:11.663  INFO 31012 --- [restartedMain] org.apache.catalina.core.StandardEngine  : Starting Servlet engine: [Apache Tomcat/9.0.48]
2021-06-27 10:09:11.710  INFO 31012 --- [restartedMain] o.a.c.c.C.[Tomcat].[localhost].[/]       : Initializing Spring embedded WebApplicationContext
2021-06-27 10:09:11.710  INFO 31012 --- [restartedMain] w.s.c.ServletWebServerApplicationContext : Root WebApplicationContext: initialization completed in 934 ms
2021-06-27 10:09:12.727  INFO 31012 --- [restartedMain] o.s.b.d.a.OptionalLiveReloadServer       : LiveReload server is running on port 35729
2021-06-27 10:09:12.755  INFO 31012 --- [restartedMain] o.s.b.w.embedded.tomcat.TomcatWebServer  : Tomcat started on port(s): 8080 (http) with context path ''
2021-06-27 10:09:12.764  INFO 31012 --- [restartedMain] com.liupanlong.test2.Test2Application    : Started Test2Application in 2.325 seconds (JVM running for 3.219)
2021-06-27 10:09:19.206  INFO 31012 --- [http-nio-8080-exec-1] o.a.c.c.C.[Tomcat].[localhost].[/]       : Initializing Spring DispatcherServlet 'dispatcherServlet'
2021-06-27 10:09:19.206  INFO 31012 --- [http-nio-8080-exec-1] o.s.web.servlet.DispatcherServlet        : Initializing Servlet 'dispatcherServlet'
2021-06-27 10:09:19.207  INFO 31012 --- [http-nio-8080-exec-1] o.s.web.servlet.DispatcherServlet        : Completed initialization in 1 ms
2021-06-27 10:09:19.302  INFO 31012 --- [http-nio-8080-exec-1] com.alibaba.druid.pool.DruidDataSource   : {dataSource-1} inited
2021-06-27 10:10:58.585  WARN 31012 --- [http-nio-8080-exec-8] c.a.druid.pool.DruidAbstractDataSource   : discard long time none received connection. , jdbcUrl : jdbc:mysql://localhost:3306/test_user?useUnicode=true&characterEncoding=utf-8&serverTimezone=GMT, version : 1.2.4, lastPacketReceivedIdleMillis : 98108
2021-06-27 10:10:58.586  WARN 31012 --- [http-nio-8080-exec-8] c.a.druid.pool.DruidAbstractDataSource   : discard long time none received connection. , jdbcUrl : jdbc:mysql://localhost:3306/test_user?useUnicode=true&characterEncoding=utf-8&serverTimezone=GMT, version : 1.2.4, lastPacketReceivedIdleMillis : 98172
2021-06-27 10:12:39.107  INFO 16276 --- [restartedMain] com.liupanlong.test2.Test2Application    : Starting Test2Application using Java 1.8.0_201 on LAPTOP-LIUPANLONG with PID 16276 (D:\Dev\projects\test2\target\classes started by liupa in D:\Dev\projects\test2)
2021-06-27 10:12:39.107  INFO 16276 --- [restartedMain] com.liupanlong.test2.Test2Application    : No active profile set, falling back to default profiles: default
2021-06-27 10:12:39.138  INFO 16276 --- [restartedMain] .e.DevToolsPropertyDefaultsPostProcessor : Devtools property defaults active! Set 'spring.devtools.add-properties' to 'false' to disable
2021-06-27 10:12:39.138  INFO 16276 --- [restartedMain] .e.DevToolsPropertyDefaultsPostProcessor : For additional web related logging consider setting the 'logging.level.web' property to 'DEBUG'
2021-06-27 10:12:39.617  INFO 16276 --- [restartedMain] .s.d.r.c.RepositoryConfigurationDelegate : Multiple Spring Data modules found, entering strict repository configuration mode!
2021-06-27 10:12:39.617  INFO 16276 --- [restartedMain] .s.d.r.c.RepositoryConfigurationDelegate : Bootstrapping Spring Data Redis repositories in DEFAULT mode.
2021-06-27 10:12:39.634  INFO 16276 --- [restartedMain] .s.d.r.c.RepositoryConfigurationDelegate : Finished Spring Data repository scanning in 6 ms. Found 0 Redis repository interfaces.
2021-06-27 10:12:40.017  INFO 16276 --- [restartedMain] o.s.b.w.embedded.tomcat.TomcatWebServer  : Tomcat initialized with port(s): 8080 (http)
2021-06-27 10:12:40.017  INFO 16276 --- [restartedMain] o.apache.catalina.core.StandardService   : Starting service [Tomcat]
2021-06-27 10:12:40.017  INFO 16276 --- [restartedMain] org.apache.catalina.core.StandardEngine  : Starting Servlet engine: [Apache Tomcat/9.0.48]
2021-06-27 10:12:40.064  INFO 16276 --- [restartedMain] o.a.c.c.C.[Tomcat].[localhost].[/]       : Initializing Spring embedded WebApplicationContext
2021-06-27 10:12:40.064  INFO 16276 --- [restartedMain] w.s.c.ServletWebServerApplicationContext : Root WebApplicationContext: initialization completed in 926 ms
2021-06-27 10:12:41.000  INFO 16276 --- [restartedMain] o.s.b.d.a.OptionalLiveReloadServer       : LiveReload server is running on port 35729
2021-06-27 10:12:41.015  INFO 16276 --- [restartedMain] o.s.b.w.embedded.tomcat.TomcatWebServer  : Tomcat started on port(s): 8080 (http) with context path ''
2021-06-27 10:12:41.031  INFO 16276 --- [restartedMain] com.liupanlong.test2.Test2Application    : Started Test2Application in 2.241 seconds (JVM running for 3.022)
2021-06-27 10:12:50.110  INFO 16276 --- [http-nio-8080-exec-1] o.a.c.c.C.[Tomcat].[localhost].[/]       : Initializing Spring DispatcherServlet 'dispatcherServlet'
2021-06-27 10:12:50.110  INFO 16276 --- [http-nio-8080-exec-1] o.s.web.servlet.DispatcherServlet        : Initializing Servlet 'dispatcherServlet'
2021-06-27 10:12:50.111  INFO 16276 --- [http-nio-8080-exec-1] o.s.web.servlet.DispatcherServlet        : Completed initialization in 1 ms
2021-06-27 10:12:50.216  INFO 16276 --- [http-nio-8080-exec-1] com.alibaba.druid.pool.DruidDataSource   : {dataSource-1} inited
2021-06-27 10:14:13.273  INFO 15140 --- [restartedMain] com.liupanlong.test2.Test2Application    : Starting Test2Application using Java 1.8.0_201 on LAPTOP-LIUPANLONG with PID 15140 (D:\Dev\projects\test2\target\classes started by liupa in D:\Dev\projects\test2)
2021-06-27 10:14:13.275  INFO 15140 --- [restartedMain] com.liupanlong.test2.Test2Application    : No active profile set, falling back to default profiles: default
2021-06-27 10:14:13.312  INFO 15140 --- [restartedMain] .e.DevToolsPropertyDefaultsPostProcessor : Devtools property defaults active! Set 'spring.devtools.add-properties' to 'false' to disable
2021-06-27 10:14:13.312  INFO 15140 --- [restartedMain] .e.DevToolsPropertyDefaultsPostProcessor : For additional web related logging consider setting the 'logging.level.web' property to 'DEBUG'
2021-06-27 10:14:13.749  INFO 15140 --- [restartedMain] .s.d.r.c.RepositoryConfigurationDelegate : Multiple Spring Data modules found, entering strict repository configuration mode!
2021-06-27 10:14:13.749  INFO 15140 --- [restartedMain] .s.d.r.c.RepositoryConfigurationDelegate : Bootstrapping Spring Data Redis repositories in DEFAULT mode.
2021-06-27 10:14:13.764  INFO 15140 --- [restartedMain] .s.d.r.c.RepositoryConfigurationDelegate : Finished Spring Data repository scanning in 6 ms. Found 0 Redis repository interfaces.
2021-06-27 10:14:14.163  INFO 15140 --- [restartedMain] o.s.b.w.embedded.tomcat.TomcatWebServer  : Tomcat initialized with port(s): 8080 (http)
2021-06-27 10:14:14.163  INFO 15140 --- [restartedMain] o.apache.catalina.core.StandardService   : Starting service [Tomcat]
2021-06-27 10:14:14.163  INFO 15140 --- [restartedMain] org.apache.catalina.core.StandardEngine  : Starting Servlet engine: [Apache Tomcat/9.0.48]
2021-06-27 10:14:14.231  INFO 15140 --- [restartedMain] o.a.c.c.C.[Tomcat].[localhost].[/]       : Initializing Spring embedded WebApplicationContext
2021-06-27 10:14:14.232  INFO 15140 --- [restartedMain] w.s.c.ServletWebServerApplicationContext : Root WebApplicationContext: initialization completed in 919 ms
2021-06-27 10:14:15.161  INFO 15140 --- [restartedMain] o.s.b.d.a.OptionalLiveReloadServer       : LiveReload server is running on port 35729
2021-06-27 10:14:15.192  INFO 15140 --- [restartedMain] o.s.b.w.embedded.tomcat.TomcatWebServer  : Tomcat started on port(s): 8080 (http) with context path ''
2021-06-27 10:14:15.192  INFO 15140 --- [restartedMain] com.liupanlong.test2.Test2Application    : Started Test2Application in 2.271 seconds (JVM running for 3.151)
2021-06-27 10:14:53.231  INFO 15140 --- [http-nio-8080-exec-1] o.a.c.c.C.[Tomcat].[localhost].[/]       : Initializing Spring DispatcherServlet 'dispatcherServlet'
2021-06-27 10:14:53.231  INFO 15140 --- [http-nio-8080-exec-1] o.s.web.servlet.DispatcherServlet        : Initializing Servlet 'dispatcherServlet'
2021-06-27 10:14:53.232  INFO 15140 --- [http-nio-8080-exec-1] o.s.web.servlet.DispatcherServlet        : Completed initialization in 1 ms
2021-06-27 10:14:53.328  INFO 15140 --- [http-nio-8080-exec-1] com.alibaba.druid.pool.DruidDataSource   : {dataSource-1} inited
2021-06-27 10:16:49.538  WARN 15140 --- [http-nio-8080-exec-7] c.a.druid.pool.DruidAbstractDataSource   : discard long time none received connection. , jdbcUrl : jdbc:mysql://localhost:3306/test_user?useUnicode=true&characterEncoding=utf-8&serverTimezone=GMT, version : 1.2.4, lastPacketReceivedIdleMillis : 85535
2021-06-27 10:18:42.569  WARN 15140 --- [http-nio-8080-exec-9] c.a.druid.pool.DruidAbstractDataSource   : discard long time none received connection. , jdbcUrl : jdbc:mysql://localhost:3306/test_user?useUnicode=true&characterEncoding=utf-8&serverTimezone=GMT, version : 1.2.4, lastPacketReceivedIdleMillis : 113024
2021-06-27 10:21:15.044  INFO 14184 --- [restartedMain] com.liupanlong.test2.Test2Application    : Starting Test2Application using Java 1.8.0_201 on LAPTOP-LIUPANLONG with PID 14184 (D:\Dev\projects\test2\target\classes started by liupa in D:\Dev\projects\test2)
2021-06-27 10:21:15.044  INFO 14184 --- [restartedMain] com.liupanlong.test2.Test2Application    : No active profile set, falling back to default profiles: default
2021-06-27 10:21:15.091  INFO 14184 --- [restartedMain] .e.DevToolsPropertyDefaultsPostProcessor : Devtools property defaults active! Set 'spring.devtools.add-properties' to 'false' to disable
2021-06-27 10:21:15.091  INFO 14184 --- [restartedMain] .e.DevToolsPropertyDefaultsPostProcessor : For additional web related logging consider setting the 'logging.level.web' property to 'DEBUG'
2021-06-27 10:21:15.564  INFO 14184 --- [restartedMain] .s.d.r.c.RepositoryConfigurationDelegate : Multiple Spring Data modules found, entering strict repository configuration mode!
2021-06-27 10:21:15.564  INFO 14184 --- [restartedMain] .s.d.r.c.RepositoryConfigurationDelegate : Bootstrapping Spring Data Redis repositories in DEFAULT mode.
2021-06-27 10:21:15.579  INFO 14184 --- [restartedMain] .s.d.r.c.RepositoryConfigurationDelegate : Finished Spring Data repository scanning in 6 ms. Found 0 Redis repository interfaces.
2021-06-27 10:21:15.954  INFO 14184 --- [restartedMain] o.s.b.w.embedded.tomcat.TomcatWebServer  : Tomcat initialized with port(s): 8080 (http)
2021-06-27 10:21:15.954  INFO 14184 --- [restartedMain] o.apache.catalina.core.StandardService   : Starting service [Tomcat]
2021-06-27 10:21:15.954  INFO 14184 --- [restartedMain] org.apache.catalina.core.StandardEngine  : Starting Servlet engine: [Apache Tomcat/9.0.48]
2021-06-27 10:21:16.017  INFO 14184 --- [restartedMain] o.a.c.c.C.[Tomcat].[localhost].[/]       : Initializing Spring embedded WebApplicationContext
2021-06-27 10:21:16.017  INFO 14184 --- [restartedMain] w.s.c.ServletWebServerApplicationContext : Root WebApplicationContext: initialization completed in 926 ms
2021-06-27 10:21:16.921  INFO 14184 --- [restartedMain] o.s.b.d.a.OptionalLiveReloadServer       : LiveReload server is running on port 35729
2021-06-27 10:21:16.953  INFO 14184 --- [restartedMain] o.s.b.w.embedded.tomcat.TomcatWebServer  : Tomcat started on port(s): 8080 (http) with context path ''
2021-06-27 10:21:16.953  INFO 14184 --- [restartedMain] com.liupanlong.test2.Test2Application    : Started Test2Application in 2.225 seconds (JVM running for 3.099)
2021-06-27 10:21:22.466  INFO 14184 --- [http-nio-8080-exec-1] o.a.c.c.C.[Tomcat].[localhost].[/]       : Initializing Spring DispatcherServlet 'dispatcherServlet'
2021-06-27 10:21:22.466  INFO 14184 --- [http-nio-8080-exec-1] o.s.web.servlet.DispatcherServlet        : Initializing Servlet 'dispatcherServlet'
2021-06-27 10:21:22.467  INFO 14184 --- [http-nio-8080-exec-1] o.s.web.servlet.DispatcherServlet        : Completed initialization in 1 ms
2021-06-27 10:21:22.523  INFO 14184 --- [http-nio-8080-exec-1] com.alibaba.druid.pool.DruidDataSource   : {dataSource-1} inited
2021-06-27 10:23:45.833  INFO 25532 --- [restartedMain] com.liupanlong.test2.Test2Application    : Starting Test2Application using Java 1.8.0_201 on LAPTOP-LIUPANLONG with PID 25532 (D:\Dev\projects\test2\target\classes started by liupa in D:\Dev\projects\test2)
2021-06-27 10:23:45.833  INFO 25532 --- [restartedMain] com.liupanlong.test2.Test2Application    : No active profile set, falling back to default profiles: default
2021-06-27 10:23:45.880  INFO 25532 --- [restartedMain] .e.DevToolsPropertyDefaultsPostProcessor : Devtools property defaults active! Set 'spring.devtools.add-properties' to 'false' to disable
2021-06-27 10:23:45.880  INFO 25532 --- [restartedMain] .e.DevToolsPropertyDefaultsPostProcessor : For additional web related logging consider setting the 'logging.level.web' property to 'DEBUG'
2021-06-27 10:23:46.390  INFO 25532 --- [restartedMain] .s.d.r.c.RepositoryConfigurationDelegate : Multiple Spring Data modules found, entering strict repository configuration mode!
2021-06-27 10:23:46.392  INFO 25532 --- [restartedMain] .s.d.r.c.RepositoryConfigurationDelegate : Bootstrapping Spring Data Redis repositories in DEFAULT mode.
2021-06-27 10:23:46.407  INFO 25532 --- [restartedMain] .s.d.r.c.RepositoryConfigurationDelegate : Finished Spring Data repository scanning in 6 ms. Found 0 Redis repository interfaces.
2021-06-27 10:23:46.775  INFO 25532 --- [restartedMain] o.s.b.w.embedded.tomcat.TomcatWebServer  : Tomcat initialized with port(s): 8080 (http)
2021-06-27 10:23:46.775  INFO 25532 --- [restartedMain] o.apache.catalina.core.StandardService   : Starting service [Tomcat]
2021-06-27 10:23:46.775  INFO 25532 --- [restartedMain] org.apache.catalina.core.StandardEngine  : Starting Servlet engine: [Apache Tomcat/9.0.48]
2021-06-27 10:23:46.837  INFO 25532 --- [restartedMain] o.a.c.c.C.[Tomcat].[localhost].[/]       : Initializing Spring embedded WebApplicationContext
2021-06-27 10:23:46.837  INFO 25532 --- [restartedMain] w.s.c.ServletWebServerApplicationContext : Root WebApplicationContext: initialization completed in 957 ms
2021-06-27 10:23:47.745  INFO 25532 --- [restartedMain] o.s.b.d.a.OptionalLiveReloadServer       : LiveReload server is running on port 35729
2021-06-27 10:23:47.776  INFO 25532 --- [restartedMain] o.s.b.w.embedded.tomcat.TomcatWebServer  : Tomcat started on port(s): 8080 (http) with context path ''
2021-06-27 10:23:47.776  INFO 25532 --- [restartedMain] com.liupanlong.test2.Test2Application    : Started Test2Application in 2.291 seconds (JVM running for 3.245)
2021-06-27 10:23:54.094  INFO 25532 --- [http-nio-8080-exec-1] o.a.c.c.C.[Tomcat].[localhost].[/]       : Initializing Spring DispatcherServlet 'dispatcherServlet'
2021-06-27 10:23:54.094  INFO 25532 --- [http-nio-8080-exec-1] o.s.web.servlet.DispatcherServlet        : Initializing Servlet 'dispatcherServlet'
2021-06-27 10:23:54.095  INFO 25532 --- [http-nio-8080-exec-1] o.s.web.servlet.DispatcherServlet        : Completed initialization in 1 ms
2021-06-27 10:23:54.189  INFO 25532 --- [http-nio-8080-exec-1] com.alibaba.druid.pool.DruidDataSource   : {dataSource-1} inited
2021-06-27 10:25:34.339  WARN 25532 --- [http-nio-8080-exec-5] c.a.druid.pool.DruidAbstractDataSource   : discard long time none received connection. , jdbcUrl : jdbc:mysql://localhost:3306/test_user?useUnicode=true&characterEncoding=utf-8&serverTimezone=GMT, version : 1.2.4, lastPacketReceivedIdleMillis : 99996
2021-06-27 10:47:01.277  WARN 25532 --- [http-nio-8080-exec-6] c.a.druid.pool.DruidAbstractDataSource   : discard long time none received connection. , jdbcUrl : jdbc:mysql://localhost:3306/test_user?useUnicode=true&characterEncoding=utf-8&serverTimezone=GMT, version : 1.2.4, lastPacketReceivedIdleMillis : 1286932
2021-06-27 10:48:57.667  INFO 3292 --- [restartedMain] com.liupanlong.test2.Test2Application    : Starting Test2Application using Java 1.8.0_201 on LAPTOP-LIUPANLONG with PID 3292 (D:\Dev\projects\test2\target\classes started by liupa in D:\Dev\projects\test2)
2021-06-27 10:48:57.667  INFO 3292 --- [restartedMain] com.liupanlong.test2.Test2Application    : No active profile set, falling back to default profiles: default
2021-06-27 10:48:57.714  INFO 3292 --- [restartedMain] .e.DevToolsPropertyDefaultsPostProcessor : Devtools property defaults active! Set 'spring.devtools.add-properties' to 'false' to disable
2021-06-27 10:48:57.714  INFO 3292 --- [restartedMain] .e.DevToolsPropertyDefaultsPostProcessor : For additional web related logging consider setting the 'logging.level.web' property to 'DEBUG'
2021-06-27 10:48:58.183  INFO 3292 --- [restartedMain] .s.d.r.c.RepositoryConfigurationDelegate : Multiple Spring Data modules found, entering strict repository configuration mode!
2021-06-27 10:48:58.183  INFO 3292 --- [restartedMain] .s.d.r.c.RepositoryConfigurationDelegate : Bootstrapping Spring Data Redis repositories in DEFAULT mode.
2021-06-27 10:48:58.198  INFO 3292 --- [restartedMain] .s.d.r.c.RepositoryConfigurationDelegate : Finished Spring Data repository scanning in 6 ms. Found 0 Redis repository interfaces.
2021-06-27 10:48:58.592  INFO 3292 --- [restartedMain] o.s.b.w.embedded.tomcat.TomcatWebServer  : Tomcat initialized with port(s): 8080 (http)
2021-06-27 10:48:58.592  INFO 3292 --- [restartedMain] o.apache.catalina.core.StandardService   : Starting service [Tomcat]
2021-06-27 10:48:58.592  INFO 3292 --- [restartedMain] org.apache.catalina.core.StandardEngine  : Starting Servlet engine: [Apache Tomcat/9.0.48]
2021-06-27 10:48:58.656  INFO 3292 --- [restartedMain] o.a.c.c.C.[Tomcat].[localhost].[/]       : Initializing Spring embedded WebApplicationContext
2021-06-27 10:48:58.656  INFO 3292 --- [restartedMain] w.s.c.ServletWebServerApplicationContext : Root WebApplicationContext: initialization completed in 942 ms
2021-06-27 10:48:59.579  INFO 3292 --- [restartedMain] o.s.b.d.a.OptionalLiveReloadServer       : LiveReload server is running on port 35729
2021-06-27 10:48:59.610  INFO 3292 --- [restartedMain] o.s.b.w.embedded.tomcat.TomcatWebServer  : Tomcat started on port(s): 8080 (http) with context path ''
2021-06-27 10:48:59.610  INFO 3292 --- [restartedMain] com.liupanlong.test2.Test2Application    : Started Test2Application in 2.263 seconds (JVM running for 3.089)
2021-06-27 10:49:08.258  INFO 3292 --- [http-nio-8080-exec-1] o.a.c.c.C.[Tomcat].[localhost].[/]       : Initializing Spring DispatcherServlet 'dispatcherServlet'
2021-06-27 10:49:08.258  INFO 3292 --- [http-nio-8080-exec-1] o.s.web.servlet.DispatcherServlet        : Initializing Servlet 'dispatcherServlet'
2021-06-27 10:49:08.259  INFO 3292 --- [http-nio-8080-exec-1] o.s.web.servlet.DispatcherServlet        : Completed initialization in 1 ms
2021-06-27 10:49:08.315  INFO 3292 --- [http-nio-8080-exec-1] com.alibaba.druid.pool.DruidDataSource   : {dataSource-1} inited
2021-06-27 10:51:01.655  WARN 3292 --- [http-nio-8080-exec-8] c.a.druid.pool.DruidAbstractDataSource   : discard long time none received connection. , jdbcUrl : jdbc:mysql://localhost:3306/test_user?useUnicode=true&characterEncoding=utf-8&serverTimezone=GMT, version : 1.2.4, lastPacketReceivedIdleMillis : 101900
2021-06-27 10:54:50.477  INFO 17220 --- [restartedMain] com.liupanlong.test2.Test2Application    : Starting Test2Application using Java 1.8.0_201 on LAPTOP-LIUPANLONG with PID 17220 (D:\Dev\projects\test2\target\classes started by liupa in D:\Dev\projects\test2)
2021-06-27 10:54:50.477  INFO 17220 --- [restartedMain] com.liupanlong.test2.Test2Application    : No active profile set, falling back to default profiles: default
2021-06-27 10:54:50.508  INFO 17220 --- [restartedMain] .e.DevToolsPropertyDefaultsPostProcessor : Devtools property defaults active! Set 'spring.devtools.add-properties' to 'false' to disable
2021-06-27 10:54:50.508  INFO 17220 --- [restartedMain] .e.DevToolsPropertyDefaultsPostProcessor : For additional web related logging consider setting the 'logging.level.web' property to 'DEBUG'
2021-06-27 10:54:50.979  INFO 17220 --- [restartedMain] .s.d.r.c.RepositoryConfigurationDelegate : Multiple Spring Data modules found, entering strict repository configuration mode!
2021-06-27 10:54:50.979  INFO 17220 --- [restartedMain] .s.d.r.c.RepositoryConfigurationDelegate : Bootstrapping Spring Data Redis repositories in DEFAULT mode.
2021-06-27 10:54:50.994  INFO 17220 --- [restartedMain] .s.d.r.c.RepositoryConfigurationDelegate : Finished Spring Data repository scanning in 6 ms. Found 0 Redis repository interfaces.
2021-06-27 10:54:51.375  INFO 17220 --- [restartedMain] o.s.b.w.embedded.tomcat.TomcatWebServer  : Tomcat initialized with port(s): 8080 (http)
2021-06-27 10:54:51.375  INFO 17220 --- [restartedMain] o.apache.catalina.core.StandardService   : Starting service [Tomcat]
2021-06-27 10:54:51.375  INFO 17220 --- [restartedMain] org.apache.catalina.core.StandardEngine  : Starting Servlet engine: [Apache Tomcat/9.0.48]
2021-06-27 10:54:51.437  INFO 17220 --- [restartedMain] o.a.c.c.C.[Tomcat].[localhost].[/]       : Initializing Spring embedded WebApplicationContext
2021-06-27 10:54:51.437  INFO 17220 --- [restartedMain] w.s.c.ServletWebServerApplicationContext : Root WebApplicationContext: initialization completed in 929 ms
2021-06-27 10:54:52.343  INFO 17220 --- [restartedMain] o.s.b.d.a.OptionalLiveReloadServer       : LiveReload server is running on port 35729
2021-06-27 10:54:52.370  INFO 17220 --- [restartedMain] o.s.b.w.embedded.tomcat.TomcatWebServer  : Tomcat started on port(s): 8080 (http) with context path ''
2021-06-27 10:54:52.378  INFO 17220 --- [restartedMain] com.liupanlong.test2.Test2Application    : Started Test2Application in 2.209 seconds (JVM running for 3.062)
2021-06-27 10:54:59.932  INFO 17220 --- [http-nio-8080-exec-1] o.a.c.c.C.[Tomcat].[localhost].[/]       : Initializing Spring DispatcherServlet 'dispatcherServlet'
2021-06-27 10:54:59.933  INFO 17220 --- [http-nio-8080-exec-1] o.s.web.servlet.DispatcherServlet        : Initializing Servlet 'dispatcherServlet'
2021-06-27 10:54:59.934  INFO 17220 --- [http-nio-8080-exec-1] o.s.web.servlet.DispatcherServlet        : Completed initialization in 1 ms
2021-06-27 10:54:59.988  INFO 17220 --- [http-nio-8080-exec-1] com.alibaba.druid.pool.DruidDataSource   : {dataSource-1} inited
2021-06-27 10:57:40.264  WARN 17220 --- [http-nio-8080-exec-10] c.a.druid.pool.DruidAbstractDataSource   : discard long time none received connection. , jdbcUrl : jdbc:mysql://localhost:3306/test_user?useUnicode=true&characterEncoding=utf-8&serverTimezone=GMT, version : 1.2.4, lastPacketReceivedIdleMillis : 115989
2021-06-27 11:40:40.004  INFO 19732 --- [main] c.l.test2.Test2ApplicationTests          : Starting Test2ApplicationTests using Java 1.8.0_201 on LAPTOP-LIUPANLONG with PID 19732 (started by liupa in D:\Dev\projects\test2)
2021-06-27 11:40:40.005  INFO 19732 --- [main] c.l.test2.Test2ApplicationTests          : No active profile set, falling back to default profiles: default
2021-06-27 11:40:40.550  INFO 19732 --- [main] .s.d.r.c.RepositoryConfigurationDelegate : Multiple Spring Data modules found, entering strict repository configuration mode!
2021-06-27 11:40:40.552  INFO 19732 --- [main] .s.d.r.c.RepositoryConfigurationDelegate : Bootstrapping Spring Data Redis repositories in DEFAULT mode.
2021-06-27 11:40:40.573  INFO 19732 --- [main] .s.d.r.c.RepositoryConfigurationDelegate : Finished Spring Data repository scanning in 9 ms. Found 0 Redis repository interfaces.
2021-06-27 11:40:42.832  INFO 19732 --- [main] c.l.test2.Test2ApplicationTests          : Started Test2ApplicationTests in 3.106 seconds (JVM running for 3.906)
2021-06-27 11:40:43.092  INFO 19732 --- [SpringApplicationShutdownHook] com.alibaba.druid.pool.DruidDataSource   : {dataSource-0} closing ...
2021-06-27 11:49:40.408  INFO 8832 --- [restartedMain] com.liupanlong.test2.Test2Application    : Starting Test2Application using Java 1.8.0_201 on LAPTOP-LIUPANLONG with PID 8832 (D:\Dev\projects\test2\target\classes started by liupa in D:\Dev\projects\test2)
2021-06-27 11:49:40.410  INFO 8832 --- [restartedMain] com.liupanlong.test2.Test2Application    : No active profile set, falling back to default profiles: default
2021-06-27 11:49:40.452  INFO 8832 --- [restartedMain] .e.DevToolsPropertyDefaultsPostProcessor : Devtools property defaults active! Set 'spring.devtools.add-properties' to 'false' to disable
2021-06-27 11:49:40.452  INFO 8832 --- [restartedMain] .e.DevToolsPropertyDefaultsPostProcessor : For additional web related logging consider setting the 'logging.level.web' property to 'DEBUG'
2021-06-27 11:49:40.910  INFO 8832 --- [restartedMain] .s.d.r.c.RepositoryConfigurationDelegate : Multiple Spring Data modules found, entering strict repository configuration mode!
2021-06-27 11:49:40.912  INFO 8832 --- [restartedMain] .s.d.r.c.RepositoryConfigurationDelegate : Bootstrapping Spring Data Redis repositories in DEFAULT mode.
2021-06-27 11:49:40.932  INFO 8832 --- [restartedMain] .s.d.r.c.RepositoryConfigurationDelegate : Finished Spring Data repository scanning in 10 ms. Found 0 Redis repository interfaces.
2021-06-27 11:49:41.311  INFO 8832 --- [restartedMain] o.s.b.w.embedded.tomcat.TomcatWebServer  : Tomcat initialized with port(s): 8332 (http)
2021-06-27 11:49:41.317  INFO 8832 --- [restartedMain] o.apache.catalina.core.StandardService   : Starting service [Tomcat]
2021-06-27 11:49:41.317  INFO 8832 --- [restartedMain] org.apache.catalina.core.StandardEngine  : Starting Servlet engine: [Apache Tomcat/9.0.48]
2021-06-27 11:49:41.371  INFO 8832 --- [restartedMain] o.a.c.c.C.[Tomcat].[localhost].[/]       : Initializing Spring embedded WebApplicationContext
2021-06-27 11:49:41.371  INFO 8832 --- [restartedMain] w.s.c.ServletWebServerApplicationContext : Root WebApplicationContext: initialization completed in 919 ms
2021-06-27 11:49:42.303  INFO 8832 --- [restartedMain] o.s.b.d.a.OptionalLiveReloadServer       : LiveReload server is running on port 35729
2021-06-27 11:49:42.330  INFO 8832 --- [restartedMain] o.s.b.w.embedded.tomcat.TomcatWebServer  : Tomcat started on port(s): 8332 (http) with context path ''
2021-06-27 11:49:42.338  INFO 8832 --- [restartedMain] com.liupanlong.test2.Test2Application    : Started Test2Application in 2.257 seconds (JVM running for 3.065)
2021-06-27 11:59:47.061  INFO 12856 --- [restartedMain] com.liupanlong.test2.Test2Application    : Starting Test2Application using Java 1.8.0_201 on LAPTOP-LIUPANLONG with PID 12856 (D:\Dev\projects\test2\target\classes started by liupa in D:\Dev\projects\test2)
2021-06-27 11:59:47.062  INFO 12856 --- [restartedMain] com.liupanlong.test2.Test2Application    : No active profile set, falling back to default profiles: default
2021-06-27 11:59:47.101  INFO 12856 --- [restartedMain] .e.DevToolsPropertyDefaultsPostProcessor : Devtools property defaults active! Set 'spring.devtools.add-properties' to 'false' to disable
2021-06-27 11:59:47.101  INFO 12856 --- [restartedMain] .e.DevToolsPropertyDefaultsPostProcessor : For additional web related logging consider setting the 'logging.level.web' property to 'DEBUG'
2021-06-27 11:59:47.550  INFO 12856 --- [restartedMain] .s.d.r.c.RepositoryConfigurationDelegate : Multiple Spring Data modules found, entering strict repository configuration mode!
2021-06-27 11:59:47.552  INFO 12856 --- [restartedMain] .s.d.r.c.RepositoryConfigurationDelegate : Bootstrapping Spring Data Redis repositories in DEFAULT mode.
2021-06-27 11:59:47.568  INFO 12856 --- [restartedMain] .s.d.r.c.RepositoryConfigurationDelegate : Finished Spring Data repository scanning in 6 ms. Found 0 Redis repository interfaces.
2021-06-27 11:59:47.960  INFO 12856 --- [restartedMain] o.s.b.w.embedded.tomcat.TomcatWebServer  : Tomcat initialized with port(s): 8332 (http)
2021-06-27 11:59:47.967  INFO 12856 --- [restartedMain] o.apache.catalina.core.StandardService   : Starting service [Tomcat]
2021-06-27 11:59:47.967  INFO 12856 --- [restartedMain] org.apache.catalina.core.StandardEngine  : Starting Servlet engine: [Apache Tomcat/9.0.48]
2021-06-27 11:59:48.024  INFO 12856 --- [restartedMain] o.a.c.c.C.[Tomcat].[localhost].[/]       : Initializing Spring embedded WebApplicationContext
2021-06-27 11:59:48.024  INFO 12856 --- [restartedMain] w.s.c.ServletWebServerApplicationContext : Root WebApplicationContext: initialization completed in 922 ms
2021-06-27 11:59:48.943  INFO 12856 --- [restartedMain] o.s.b.d.a.OptionalLiveReloadServer       : LiveReload server is running on port 35729
2021-06-27 11:59:48.970  INFO 12856 --- [restartedMain] o.s.b.w.embedded.tomcat.TomcatWebServer  : Tomcat started on port(s): 8332 (http) with context path ''
2021-06-27 11:59:48.979  INFO 12856 --- [restartedMain] com.liupanlong.test2.Test2Application    : Started Test2Application in 2.25 seconds (JVM running for 3.136)
2021-06-27 12:00:10.816  INFO 12856 --- [http-nio-8332-exec-1] o.a.c.c.C.[Tomcat].[localhost].[/]       : Initializing Spring DispatcherServlet 'dispatcherServlet'
2021-06-27 12:00:10.817  INFO 12856 --- [http-nio-8332-exec-1] o.s.web.servlet.DispatcherServlet        : Initializing Servlet 'dispatcherServlet'
2021-06-27 12:00:10.817  INFO 12856 --- [http-nio-8332-exec-1] o.s.web.servlet.DispatcherServlet        : Completed initialization in 0 ms
2021-06-27 13:24:18.983  INFO 29488 --- [restartedMain] com.liupanlong.test2.Test2Application    : Starting Test2Application using Java 1.8.0_201 on LAPTOP-LIUPANLONG with PID 29488 (D:\Dev\projects\test2\target\classes started by liupa in D:\Dev\projects\test2)
2021-06-27 13:24:18.988  INFO 29488 --- [restartedMain] com.liupanlong.test2.Test2Application    : No active profile set, falling back to default profiles: default
2021-06-27 13:24:19.089  INFO 29488 --- [restartedMain] .e.DevToolsPropertyDefaultsPostProcessor : Devtools property defaults active! Set 'spring.devtools.add-properties' to 'false' to disable
2021-06-27 13:24:19.089  INFO 29488 --- [restartedMain] .e.DevToolsPropertyDefaultsPostProcessor : For additional web related logging consider setting the 'logging.level.web' property to 'DEBUG'
2021-06-27 13:24:19.993  INFO 29488 --- [restartedMain] .s.d.r.c.RepositoryConfigurationDelegate : Multiple Spring Data modules found, entering strict repository configuration mode!
2021-06-27 13:24:19.997  INFO 29488 --- [restartedMain] .s.d.r.c.RepositoryConfigurationDelegate : Bootstrapping Spring Data Redis repositories in DEFAULT mode.
2021-06-27 13:24:20.036  INFO 29488 --- [restartedMain] .s.d.r.c.RepositoryConfigurationDelegate : Finished Spring Data repository scanning in 15 ms. Found 0 Redis repository interfaces.
2021-06-27 13:24:20.912  INFO 29488 --- [restartedMain] o.s.b.w.embedded.tomcat.TomcatWebServer  : Tomcat initialized with port(s): 8332 (http)
2021-06-27 13:24:20.924  INFO 29488 --- [restartedMain] o.apache.catalina.core.StandardService   : Starting service [Tomcat]
2021-06-27 13:24:20.925  INFO 29488 --- [restartedMain] org.apache.catalina.core.StandardEngine  : Starting Servlet engine: [Apache Tomcat/9.0.48]
2021-06-27 13:24:21.048  INFO 29488 --- [restartedMain] o.a.c.c.C.[Tomcat].[localhost].[/]       : Initializing Spring embedded WebApplicationContext
2021-06-27 13:24:21.049  INFO 29488 --- [restartedMain] w.s.c.ServletWebServerApplicationContext : Root WebApplicationContext: initialization completed in 1959 ms
2021-06-27 13:24:22.843  INFO 29488 --- [restartedMain] o.s.b.d.a.OptionalLiveReloadServer       : LiveReload server is running on port 35729
2021-06-27 13:24:22.906  INFO 29488 --- [restartedMain] o.s.b.w.embedded.tomcat.TomcatWebServer  : Tomcat started on port(s): 8332 (http) with context path ''
2021-06-27 13:24:22.924  INFO 29488 --- [restartedMain] com.liupanlong.test2.Test2Application    : Started Test2Application in 4.501 seconds (JVM running for 5.966)
2021-06-27 13:25:14.443  INFO 29488 --- [http-nio-8332-exec-1] o.a.c.c.C.[Tomcat].[localhost].[/]       : Initializing Spring DispatcherServlet 'dispatcherServlet'
2021-06-27 13:25:14.443  INFO 29488 --- [http-nio-8332-exec-1] o.s.web.servlet.DispatcherServlet        : Initializing Servlet 'dispatcherServlet'
2021-06-27 13:25:14.445  INFO 29488 --- [http-nio-8332-exec-1] o.s.web.servlet.DispatcherServlet        : Completed initialization in 2 ms
2021-06-27 13:25:14.714  INFO 29488 --- [http-nio-8332-exec-2] com.alibaba.druid.pool.DruidDataSource   : {dataSource-1} inited
2021-06-27 13:26:42.023  WARN 29488 --- [http-nio-8332-exec-8] c.a.druid.pool.DruidAbstractDataSource   : discard long time none received connection. , jdbcUrl : jdbc:mysql://49.235.216.193:3306/test_user?useUnicode=true&characterEncoding=utf-8&serverTimezone=GMT, version : 1.2.4, lastPacketReceivedIdleMillis : 83449
2021-06-27 13:26:42.098  WARN 29488 --- [http-nio-8332-exec-8] c.a.druid.pool.DruidAbstractDataSource   : discard long time none received connection. , jdbcUrl : jdbc:mysql://49.235.216.193:3306/test_user?useUnicode=true&characterEncoding=utf-8&serverTimezone=GMT, version : 1.2.4, lastPacketReceivedIdleMillis : 83748
2021-06-27 13:52:43.403  INFO 29488 --- [Thread-15] com.alibaba.druid.pool.DruidDataSource   : {dataSource-1} closing ...
2021-06-27 13:52:43.406  INFO 29488 --- [Thread-15] com.alibaba.druid.pool.DruidDataSource   : {dataSource-1} closed
2021-06-27 13:52:43.539  INFO 29488 --- [restartedMain] com.liupanlong.test2.Test2Application    : Starting Test2Application using Java 1.8.0_201 on LAPTOP-LIUPANLONG with PID 29488 (D:\Dev\projects\test2\target\classes started by liupa in D:\Dev\projects\test2)
2021-06-27 13:52:43.539  INFO 29488 --- [restartedMain] com.liupanlong.test2.Test2Application    : No active profile set, falling back to default profiles: default
2021-06-27 13:52:43.693  INFO 29488 --- [restartedMain] .s.d.r.c.RepositoryConfigurationDelegate : Multiple Spring Data modules found, entering strict repository configuration mode!
2021-06-27 13:52:43.693  INFO 29488 --- [restartedMain] .s.d.r.c.RepositoryConfigurationDelegate : Bootstrapping Spring Data Redis repositories in DEFAULT mode.
2021-06-27 13:52:43.700  INFO 29488 --- [restartedMain] .s.d.r.c.RepositoryConfigurationDelegate : Finished Spring Data repository scanning in 6 ms. Found 0 Redis repository interfaces.
2021-06-27 13:52:43.823  INFO 29488 --- [restartedMain] o.s.b.w.embedded.tomcat.TomcatWebServer  : Tomcat initialized with port(s): 8332 (http)
2021-06-27 13:52:43.824  INFO 29488 --- [restartedMain] o.apache.catalina.core.StandardService   : Starting service [Tomcat]
2021-06-27 13:52:43.824  INFO 29488 --- [restartedMain] org.apache.catalina.core.StandardEngine  : Starting Servlet engine: [Apache Tomcat/9.0.48]
2021-06-27 13:52:43.843  INFO 29488 --- [restartedMain] o.a.c.c.C.[Tomcat].[localhost].[/]       : Initializing Spring embedded WebApplicationContext
2021-06-27 13:52:43.844  INFO 29488 --- [restartedMain] w.s.c.ServletWebServerApplicationContext : Root WebApplicationContext: initialization completed in 303 ms
2021-06-27 13:52:44.271  INFO 29488 --- [restartedMain] o.s.b.d.a.OptionalLiveReloadServer       : LiveReload server is running on port 35729
2021-06-27 13:52:44.283  INFO 29488 --- [restartedMain] o.s.b.w.embedded.tomcat.TomcatWebServer  : Tomcat started on port(s): 8332 (http) with context path ''
2021-06-27 13:52:44.286  INFO 29488 --- [restartedMain] com.liupanlong.test2.Test2Application    : Started Test2Application in 0.772 seconds (JVM running for 1707.329)
2021-06-27 13:52:44.287  INFO 29488 --- [restartedMain] .ConditionEvaluationDeltaLoggingListener : Condition evaluation unchanged
2021-06-27 13:52:45.969  INFO 29488 --- [Thread-21] com.alibaba.druid.pool.DruidDataSource   : {dataSource-0} closing ...
2021-06-27 13:52:45.993  INFO 32688 --- [main] c.l.test2.Test2ApplicationTests          : Starting Test2ApplicationTests using Java 1.8.0_201 on LAPTOP-LIUPANLONG with PID 32688 (started by liupa in D:\Dev\projects\test2)
2021-06-27 13:52:45.995  INFO 32688 --- [main] c.l.test2.Test2ApplicationTests          : No active profile set, falling back to default profiles: default
2021-06-27 13:52:46.182  INFO 29488 --- [restartedMain] com.liupanlong.test2.Test2Application    : Starting Test2Application using Java 1.8.0_201 on LAPTOP-LIUPANLONG with PID 29488 (D:\Dev\projects\test2\target\classes started by liupa in D:\Dev\projects\test2)
2021-06-27 13:52:46.182  INFO 29488 --- [restartedMain] com.liupanlong.test2.Test2Application    : No active profile set, falling back to default profiles: default
2021-06-27 13:52:46.390  INFO 29488 --- [restartedMain] .s.d.r.c.RepositoryConfigurationDelegate : Multiple Spring Data modules found, entering strict repository configuration mode!
2021-06-27 13:52:46.390  INFO 29488 --- [restartedMain] .s.d.r.c.RepositoryConfigurationDelegate : Bootstrapping Spring Data Redis repositories in DEFAULT mode.
2021-06-27 13:52:46.394  INFO 29488 --- [restartedMain] .s.d.r.c.RepositoryConfigurationDelegate : Finished Spring Data repository scanning in 3 ms. Found 0 Redis repository interfaces.
2021-06-27 13:52:46.482  INFO 29488 --- [restartedMain] o.s.b.w.embedded.tomcat.TomcatWebServer  : Tomcat initialized with port(s): 8332 (http)
2021-06-27 13:52:46.482  INFO 29488 --- [restartedMain] o.apache.catalina.core.StandardService   : Starting service [Tomcat]
2021-06-27 13:52:46.482  INFO 29488 --- [restartedMain] org.apache.catalina.core.StandardEngine  : Starting Servlet engine: [Apache Tomcat/9.0.48]
2021-06-27 13:52:46.500  INFO 29488 --- [restartedMain] o.a.c.c.C.[Tomcat].[localhost].[/]       : Initializing Spring embedded WebApplicationContext
2021-06-27 13:52:46.500  INFO 29488 --- [restartedMain] w.s.c.ServletWebServerApplicationContext : Root WebApplicationContext: initialization completed in 315 ms
2021-06-27 13:52:46.709  INFO 32688 --- [main] .s.d.r.c.RepositoryConfigurationDelegate : Multiple Spring Data modules found, entering strict repository configuration mode!
2021-06-27 13:52:46.712  INFO 32688 --- [main] .s.d.r.c.RepositoryConfigurationDelegate : Bootstrapping Spring Data Redis repositories in DEFAULT mode.
2021-06-27 13:52:46.732  INFO 32688 --- [main] .s.d.r.c.RepositoryConfigurationDelegate : Finished Spring Data repository scanning in 9 ms. Found 0 Redis repository interfaces.
2021-06-27 13:52:46.885  INFO 29488 --- [restartedMain] o.s.b.d.a.OptionalLiveReloadServer       : LiveReload server is running on port 35729
2021-06-27 13:52:46.896  INFO 29488 --- [restartedMain] o.s.b.w.embedded.tomcat.TomcatWebServer  : Tomcat started on port(s): 8332 (http) with context path ''
2021-06-27 13:52:46.898  INFO 29488 --- [restartedMain] com.liupanlong.test2.Test2Application    : Started Test2Application in 0.743 seconds (JVM running for 1709.941)
2021-06-27 13:52:46.899  INFO 29488 --- [restartedMain] .ConditionEvaluationDeltaLoggingListener : Condition evaluation unchanged
2021-06-27 13:52:49.338  INFO 32688 --- [main] c.l.test2.Test2ApplicationTests          : Started Test2ApplicationTests in 3.658 seconds (JVM running for 4.474)
2021-06-27 13:52:49.549  INFO 32688 --- [SpringApplicationShutdownHook] com.alibaba.druid.pool.DruidDataSource   : {dataSource-0} closing ...
2021-06-27 14:56:23.813  INFO 32048 --- [main] c.l.test2.Test2ApplicationTests          : Starting Test2ApplicationTests using Java 1.8.0_201 on LAPTOP-LIUPANLONG with PID 32048 (started by liupa in D:\Dev\projects\test2)
2021-06-27 14:56:23.815  INFO 32048 --- [main] c.l.test2.Test2ApplicationTests          : No active profile set, falling back to default profiles: default
2021-06-27 14:56:24.356  INFO 32048 --- [main] .s.d.r.c.RepositoryConfigurationDelegate : Multiple Spring Data modules found, entering strict repository configuration mode!
2021-06-27 14:56:24.358  INFO 32048 --- [main] .s.d.r.c.RepositoryConfigurationDelegate : Bootstrapping Spring Data Redis repositories in DEFAULT mode.
2021-06-27 14:56:24.380  INFO 32048 --- [main] .s.d.r.c.RepositoryConfigurationDelegate : Finished Spring Data repository scanning in 9 ms. Found 0 Redis repository interfaces.
2021-06-27 14:56:26.631  INFO 32048 --- [main] c.l.test2.Test2ApplicationTests          : Started Test2ApplicationTests in 3.088 seconds (JVM running for 3.88)
2021-06-27 14:56:26.839  INFO 32048 --- [SpringApplicationShutdownHook] com.alibaba.druid.pool.DruidDataSource   : {dataSource-0} closing ...
2021-06-27 15:14:55.355  INFO 22036 --- [main] c.l.test2.Test2ApplicationTests          : Starting Test2ApplicationTests using Java 1.8.0_201 on LAPTOP-LIUPANLONG with PID 22036 (started by liupa in D:\Dev\projects\test2)
2021-06-27 15:14:55.359  INFO 22036 --- [main] c.l.test2.Test2ApplicationTests          : No active profile set, falling back to default profiles: default
2021-06-27 15:14:55.919  INFO 22036 --- [main] .s.d.r.c.RepositoryConfigurationDelegate : Multiple Spring Data modules found, entering strict repository configuration mode!
2021-06-27 15:14:55.923  INFO 22036 --- [main] .s.d.r.c.RepositoryConfigurationDelegate : Bootstrapping Spring Data Redis repositories in DEFAULT mode.
2021-06-27 15:14:55.946  INFO 22036 --- [main] .s.d.r.c.RepositoryConfigurationDelegate : Finished Spring Data repository scanning in 9 ms. Found 0 Redis repository interfaces.
2021-06-27 15:14:58.241  INFO 22036 --- [main] c.l.test2.Test2ApplicationTests          : Started Test2ApplicationTests in 3.159 seconds (JVM running for 3.923)
2021-06-27 15:14:58.468  INFO 22036 --- [SpringApplicationShutdownHook] com.alibaba.druid.pool.DruidDataSource   : {dataSource-0} closing ...
